\BOOKMARK [0][]{2.0}{Outline}{}% 1
\BOOKMARK [0][]{3.0}{Introduction}{}% 2
\BOOKMARK [0][]{4.0}{Literature}{}% 3
\BOOKMARK [0][]{5.0}{Literature}{}% 4
\BOOKMARK [0][]{6.0}{Cross-lingual Word Embedding}{}% 5
\BOOKMARK [0][]{7.0}{Word Translation}{}% 6
\BOOKMARK [0][]{8.0}{Cross-lingual Word Embedding}{}% 7
\BOOKMARK [0][]{9.0}{Supervised Learning}{}% 8
\BOOKMARK [0][]{10.0}{Procrustes Analysis}{}% 9
\BOOKMARK [0][]{11.0}{Unsupervised Word Embedding Mapping}{}% 10
\BOOKMARK [0][]{12.0}{Adversarial Training}{}% 11
\BOOKMARK [0][]{13.0}{Trick: Frequency-based Vocabulary Cutoff}{}% 12
\BOOKMARK [0][]{14.0}{Iterative Refinement}{}% 13
\BOOKMARK [0][]{15.0}{Dictionay Induction}{}% 14
\BOOKMARK [0][]{16.0}{Sentence Translation}{}% 15
\BOOKMARK [0][]{17.0}{Denoising}{}% 16
\BOOKMARK [0][]{18.0}{Results}{}% 17
\BOOKMARK [0][]{19.0}{Phrase Embedding}{}% 18
\BOOKMARK [0][]{20.0}{Outlook}{}% 19
\BOOKMARK [0][]{21.0}{Appendix: Denoising \046 Vocabulary}{}% 20
\BOOKMARK [0][]{23.0}{LastPage}{}% 21
