This is pdfTeX, Version 3.14159265-2.6-1.40.16 (TeX Live 2015/Debian) (preloaded format=pdflatex 2018.10.12)  22 OCT 2018 17:09
entering extended mode
 restricted \write18 enabled.
 %&-line parsing enabled.
**slides.tex
(./slides.tex
LaTeX2e <2016/02/01>
Babel <3.9q> and hyphenation patterns for 81 language(s) loaded.
(/usr/share/texlive/texmf-dist/tex/latex/base/article.cls
Document Class: article 2014/09/29 v1.4h Standard LaTeX document class
(/usr/share/texlive/texmf-dist/tex/latex/base/size11.clo
File: size11.clo 2014/09/29 v1.4h Standard LaTeX file (size option)
)
\c@part=\count79
\c@section=\count80
\c@subsection=\count81
\c@subsubsection=\count82
\c@paragraph=\count83
\c@subparagraph=\count84
\c@figure=\count85
\c@table=\count86
\abovecaptionskip=\skip41
\belowcaptionskip=\skip42
\bibindent=\dimen102
)
(./NeyDreuwSlides_Oct08.sty
Package: 2008/10/20. v.1.11. HyperSlides: slide style for talks at i6
Package: NeyDreuwSlides_Oct08 2008/10/20. v.1.11. HyperSlides: slide style for 
talks at i6
debug: blackslide is true
debug: blackslide is false
(/usr/share/texlive/texmf-dist/tex/generic/babel/babel.sty
Package: babel 2016/02/24 3.9q The Babel package

(/usr/share/texlive/texmf-dist/tex/generic/babel-english/english.ldf
Language: english 2012/08/20 v3.3p English support from the babel system

(/usr/share/texlive/texmf-dist/tex/generic/babel/babel.def
File: babel.def 2016/02/24 3.9q Babel common definitions
\babel@savecnt=\count87
\U@D=\dimen103
)
\l@canadian = a dialect from \language\l@american 
\l@australian = a dialect from \language\l@british 
\l@newzealand = a dialect from \language\l@british 
))
(/usr/share/texlive/texmf-dist/tex/latex/base/ifthen.sty
Package: ifthen 2014/09/29 v1.1c Standard LaTeX ifthen package (DPC)
)
(/usr/share/texlive/texmf-dist/tex/latex/tools/xspace.sty
Package: xspace 2014/10/28 v1.13 Space after command names (DPC,MH)
)
(/usr/share/texlive/texmf-dist/tex/latex/graphics/graphicx.sty
Package: graphicx 2014/10/28 v1.0g Enhanced LaTeX Graphics (DPC,SPQR)

(/usr/share/texlive/texmf-dist/tex/latex/graphics/keyval.sty
Package: keyval 2014/10/28 v1.15 key=value parser (DPC)
\KV@toks@=\toks14
)
(/usr/share/texlive/texmf-dist/tex/latex/graphics/graphics.sty
Package: graphics 2016/01/03 v1.0q Standard LaTeX Graphics (DPC,SPQR)

(/usr/share/texlive/texmf-dist/tex/latex/graphics/trig.sty
Package: trig 2016/01/03 v1.10 sin cos tan (DPC)
)
(/usr/share/texlive/texmf-dist/tex/latex/latexconfig/graphics.cfg
File: graphics.cfg 2010/04/23 v1.9 graphics configuration of TeX Live
)
Package graphics Info: Driver file: pdftex.def on input line 95.

(/usr/share/texlive/texmf-dist/tex/latex/pdftex-def/pdftex.def
File: pdftex.def 2011/05/27 v0.06d Graphics/color for pdfTeX

(/usr/share/texlive/texmf-dist/tex/generic/oberdiek/infwarerr.sty
Package: infwarerr 2010/04/08 v1.3 Providing info/warning/error messages (HO)
)
(/usr/share/texlive/texmf-dist/tex/generic/oberdiek/ltxcmds.sty
Package: ltxcmds 2011/11/09 v1.22 LaTeX kernel commands for general use (HO)
)
\Gread@gobject=\count88
))
\Gin@req@height=\dimen104
\Gin@req@width=\dimen105
)
(/usr/share/texlive/texmf-dist/tex/latex/graphics/epsfig.sty
Package: epsfig 1999/02/16 v1.7a (e)psfig emulation (SPQR)
\epsfxsize=\dimen106
\epsfysize=\dimen107
)
(/usr/share/texlive/texmf-dist/tex/latex/textpos/textpos.sty
Package: textpos 2014/01/03 v1.7j

Package: textpos 2014/01/03 1.7j, absolute positioning of text on the page
\TP@textbox=\box26
\TPHorizModule=\dimen108
\TPVertModule=\dimen109
\TP@margin=\dimen110
\TP@absmargin=\dimen111
Grid set 16 x 16 = 52.81541pt x 37.34424pt
\TPboxrulesize=\dimen112
\TP@tbargs=\toks15
\TP@prevdepth=\dimen113
) (/usr/share/texlive/texmf-dist/tex/latex/geometry/geometry.sty
Package: geometry 2010/09/12 v5.6 Page Geometry

(/usr/share/texlive/texmf-dist/tex/generic/oberdiek/ifpdf.sty
Package: ifpdf 2011/01/30 v2.3 Provides the ifpdf switch (HO)
Package ifpdf Info: pdfTeX in PDF mode is detected.
)
(/usr/share/texlive/texmf-dist/tex/generic/oberdiek/ifvtex.sty
Package: ifvtex 2010/03/01 v1.5 Detect VTeX and its facilities (HO)
Package ifvtex Info: VTeX not detected.
)
(/usr/share/texlive/texmf-dist/tex/generic/ifxetex/ifxetex.sty
Package: ifxetex 2010/09/12 v0.6 Provides ifxetex conditional
)
\Gm@cnth=\count89
\Gm@cntv=\count90
\c@Gm@tempcnt=\count91
\Gm@bindingoffset=\dimen114
\Gm@wd@mp=\dimen115
\Gm@odd@mp=\dimen116
\Gm@even@mp=\dimen117
\Gm@layoutwidth=\dimen118
\Gm@layoutheight=\dimen119
\Gm@layouthoffset=\dimen120
\Gm@layoutvoffset=\dimen121
\Gm@dimlist=\toks16
)
(/usr/share/texlive/texmf-dist/tex/latex/tools/longtable.sty
Package: longtable 2014/10/28 v4.11 Multi-page Table package (DPC)
\LTleft=\skip43
\LTright=\skip44
\LTpre=\skip45
\LTpost=\skip46
\LTchunksize=\count92
\LTcapwidth=\dimen122
\LT@head=\box27
\LT@firsthead=\box28
\LT@foot=\box29
\LT@lastfoot=\box30
\LT@cols=\count93
\LT@rows=\count94
\c@LT@tables=\count95
\c@LT@chunks=\count96
\LT@p@ftn=\toks17
)
(/usr/share/texlive/texmf-dist/tex/latex/tools/tabularx.sty
Package: tabularx 2014/10/28 v2.10 `tabularx' package (DPC)

(/usr/share/texlive/texmf-dist/tex/latex/tools/array.sty
Package: array 2014/10/28 v2.4c Tabular extension package (FMi)
\col@sep=\dimen123
\extrarowheight=\dimen124
\NC@list=\toks18
\extratabsurround=\skip47
\backup@length=\skip48
)
\TX@col@width=\dimen125
\TX@old@table=\dimen126
\TX@old@col=\dimen127
\TX@target=\dimen128
\TX@delta=\dimen129
\TX@cols=\count97
\TX@ftn=\toks19
)
(/usr/share/texlive/texmf-dist/tex/latex/rotating/rotating.sty
Package: rotating 2009/03/28 v2.16a rotated objects in LaTeX
\c@r@tfl@t=\count98
\rotFPtop=\skip49
\rotFPbot=\skip50
\rot@float@box=\box31
\rot@mess@toks=\toks20
)
(/usr/share/texlive/texmf-dist/tex/latex/colortbl/colortbl.sty
Package: colortbl 2012/02/13 v1.0a Color table columns (DPC)

(/usr/share/texlive/texmf-dist/tex/latex/graphics/color.sty
Package: color 2016/01/03 v1.1b Standard LaTeX Color (DPC)

(/usr/share/texlive/texmf-dist/tex/latex/latexconfig/color.cfg
File: color.cfg 2007/01/18 v1.5 color configuration of teTeX/TeXLive
)
Package color Info: Driver file: pdftex.def on input line 143.
)
\everycr=\toks21
\minrowclearance=\skip51
)
(/usr/share/texlive/texmf-dist/tex/latex/ms/ragged2e.sty
Package: ragged2e 2009/05/21 v2.1 ragged2e Package (MS)

(/usr/share/texlive/texmf-dist/tex/latex/ms/everysel.sty
Package: everysel 2011/10/28 v1.2 EverySelectfont Package (MS)
)
\CenteringLeftskip=\skip52
\RaggedLeftLeftskip=\skip53
\RaggedRightLeftskip=\skip54
\CenteringRightskip=\skip55
\RaggedLeftRightskip=\skip56
\RaggedRightRightskip=\skip57
\CenteringParfillskip=\skip58
\RaggedLeftParfillskip=\skip59
\RaggedRightParfillskip=\skip60
\JustifyingParfillskip=\skip61
\CenteringParindent=\skip62
\RaggedLeftParindent=\skip63
\RaggedRightParindent=\skip64
\JustifyingParindent=\skip65
)
(/usr/share/texlive/texmf-dist/tex/latex/booktabs/booktabs.sty
Package: booktabs 2005/04/14 v1.61803 publication quality tables
\heavyrulewidth=\dimen130
\lightrulewidth=\dimen131
\cmidrulewidth=\dimen132
\belowrulesep=\dimen133
\belowbottomsep=\dimen134
\aboverulesep=\dimen135
\abovetopsep=\dimen136
\cmidrulesep=\dimen137
\cmidrulekern=\dimen138
\defaultaddspace=\dimen139
\@cmidla=\count99
\@cmidlb=\count100
\@aboverulesep=\dimen140
\@belowrulesep=\dimen141
\@thisruleclass=\count101
\@lastruleclass=\count102
\@thisrulewidth=\dimen142
)
(/usr/share/texlive/texmf-dist/tex/latex/tools/dcolumn.sty
Package: dcolumn 2014/10/28 v1.06 decimal alignment package (DPC)
)

Package array Warning: Column D is already defined on input line 117.

(/usr/share/texlive/texmf-dist/tex/latex/ucs/ucs.sty
Package: ucs 2013/05/11 v2.2 UCS: Unicode input support

(/usr/share/texlive/texmf-dist/tex/latex/ucs/data/uni-global.def
File: uni-global.def 2013/05/13 UCS: Unicode global data
)
\uc@secondtry=\count103
\uc@combtoks=\toks22
\uc@combtoksb=\toks23
\uc@temptokena=\toks24
)
(/usr/share/texlive/texmf-dist/tex/latex/base/inputenc.sty
Package: inputenc 2015/03/17 v1.2c Input encoding file
\inpenc@prehook=\toks25
\inpenc@posthook=\toks26

(/usr/share/texlive/texmf-dist/tex/latex/base/utf8.def
File: utf8.def 2015/12/03 v1.1r UTF-8 support for inputenc
Now handling font encoding OML ...
... no UTF-8 mapping file for font encoding OML
Now handling font encoding T1 ...
... processing UTF-8 mapping file for font encoding T1

(/usr/share/texlive/texmf-dist/tex/latex/base/t1enc.dfu
File: t1enc.dfu 2015/12/03 v1.1r UTF-8 support for inputenc
   defining Unicode char U+00A0 (decimal 160)
   defining Unicode char U+00A1 (decimal 161)
   defining Unicode char U+00A3 (decimal 163)
   defining Unicode char U+00AB (decimal 171)
   defining Unicode char U+00AD (decimal 173)
   defining Unicode char U+00BB (decimal 187)
   defining Unicode char U+00BF (decimal 191)
   defining Unicode char U+00C0 (decimal 192)
   defining Unicode char U+00C1 (decimal 193)
   defining Unicode char U+00C2 (decimal 194)
   defining Unicode char U+00C3 (decimal 195)
   defining Unicode char U+00C4 (decimal 196)
   defining Unicode char U+00C5 (decimal 197)
   defining Unicode char U+00C6 (decimal 198)
   defining Unicode char U+00C7 (decimal 199)
   defining Unicode char U+00C8 (decimal 200)
   defining Unicode char U+00C9 (decimal 201)
   defining Unicode char U+00CA (decimal 202)
   defining Unicode char U+00CB (decimal 203)
   defining Unicode char U+00CC (decimal 204)
   defining Unicode char U+00CD (decimal 205)
   defining Unicode char U+00CE (decimal 206)
   defining Unicode char U+00CF (decimal 207)
   defining Unicode char U+00D0 (decimal 208)
   defining Unicode char U+00D1 (decimal 209)
   defining Unicode char U+00D2 (decimal 210)
   defining Unicode char U+00D3 (decimal 211)
   defining Unicode char U+00D4 (decimal 212)
   defining Unicode char U+00D5 (decimal 213)
   defining Unicode char U+00D6 (decimal 214)
   defining Unicode char U+00D8 (decimal 216)
   defining Unicode char U+00D9 (decimal 217)
   defining Unicode char U+00DA (decimal 218)
   defining Unicode char U+00DB (decimal 219)
   defining Unicode char U+00DC (decimal 220)
   defining Unicode char U+00DD (decimal 221)
   defining Unicode char U+00DE (decimal 222)
   defining Unicode char U+00DF (decimal 223)
   defining Unicode char U+00E0 (decimal 224)
   defining Unicode char U+00E1 (decimal 225)
   defining Unicode char U+00E2 (decimal 226)
   defining Unicode char U+00E3 (decimal 227)
   defining Unicode char U+00E4 (decimal 228)
   defining Unicode char U+00E5 (decimal 229)
   defining Unicode char U+00E6 (decimal 230)
   defining Unicode char U+00E7 (decimal 231)
   defining Unicode char U+00E8 (decimal 232)
   defining Unicode char U+00E9 (decimal 233)
   defining Unicode char U+00EA (decimal 234)
   defining Unicode char U+00EB (decimal 235)
   defining Unicode char U+00EC (decimal 236)
   defining Unicode char U+00ED (decimal 237)
   defining Unicode char U+00EE (decimal 238)
   defining Unicode char U+00EF (decimal 239)
   defining Unicode char U+00F0 (decimal 240)
   defining Unicode char U+00F1 (decimal 241)
   defining Unicode char U+00F2 (decimal 242)
   defining Unicode char U+00F3 (decimal 243)
   defining Unicode char U+00F4 (decimal 244)
   defining Unicode char U+00F5 (decimal 245)
   defining Unicode char U+00F6 (decimal 246)
   defining Unicode char U+00F8 (decimal 248)
   defining Unicode char U+00F9 (decimal 249)
   defining Unicode char U+00FA (decimal 250)
   defining Unicode char U+00FB (decimal 251)
   defining Unicode char U+00FC (decimal 252)
   defining Unicode char U+00FD (decimal 253)
   defining Unicode char U+00FE (decimal 254)
   defining Unicode char U+00FF (decimal 255)
   defining Unicode char U+0100 (decimal 256)
   defining Unicode char U+0101 (decimal 257)
   defining Unicode char U+0102 (decimal 258)
   defining Unicode char U+0103 (decimal 259)
   defining Unicode char U+0104 (decimal 260)
   defining Unicode char U+0105 (decimal 261)
   defining Unicode char U+0106 (decimal 262)
   defining Unicode char U+0107 (decimal 263)
   defining Unicode char U+0108 (decimal 264)
   defining Unicode char U+0109 (decimal 265)
   defining Unicode char U+010A (decimal 266)
   defining Unicode char U+010B (decimal 267)
   defining Unicode char U+010C (decimal 268)
   defining Unicode char U+010D (decimal 269)
   defining Unicode char U+010E (decimal 270)
   defining Unicode char U+010F (decimal 271)
   defining Unicode char U+0110 (decimal 272)
   defining Unicode char U+0111 (decimal 273)
   defining Unicode char U+0112 (decimal 274)
   defining Unicode char U+0113 (decimal 275)
   defining Unicode char U+0114 (decimal 276)
   defining Unicode char U+0115 (decimal 277)
   defining Unicode char U+0116 (decimal 278)
   defining Unicode char U+0117 (decimal 279)
   defining Unicode char U+0118 (decimal 280)
   defining Unicode char U+0119 (decimal 281)
   defining Unicode char U+011A (decimal 282)
   defining Unicode char U+011B (decimal 283)
   defining Unicode char U+011C (decimal 284)
   defining Unicode char U+011D (decimal 285)
   defining Unicode char U+011E (decimal 286)
   defining Unicode char U+011F (decimal 287)
   defining Unicode char U+0120 (decimal 288)
   defining Unicode char U+0121 (decimal 289)
   defining Unicode char U+0122 (decimal 290)
   defining Unicode char U+0123 (decimal 291)
   defining Unicode char U+0124 (decimal 292)
   defining Unicode char U+0125 (decimal 293)
   defining Unicode char U+0128 (decimal 296)
   defining Unicode char U+0129 (decimal 297)
   defining Unicode char U+012A (decimal 298)
   defining Unicode char U+012B (decimal 299)
   defining Unicode char U+012C (decimal 300)
   defining Unicode char U+012D (decimal 301)
   defining Unicode char U+012E (decimal 302)
   defining Unicode char U+012F (decimal 303)
   defining Unicode char U+0130 (decimal 304)
   defining Unicode char U+0131 (decimal 305)
   defining Unicode char U+0132 (decimal 306)
   defining Unicode char U+0133 (decimal 307)
   defining Unicode char U+0134 (decimal 308)
   defining Unicode char U+0135 (decimal 309)
   defining Unicode char U+0136 (decimal 310)
   defining Unicode char U+0137 (decimal 311)
   defining Unicode char U+0139 (decimal 313)
   defining Unicode char U+013A (decimal 314)
   defining Unicode char U+013B (decimal 315)
   defining Unicode char U+013C (decimal 316)
   defining Unicode char U+013D (decimal 317)
   defining Unicode char U+013E (decimal 318)
   defining Unicode char U+0141 (decimal 321)
   defining Unicode char U+0142 (decimal 322)
   defining Unicode char U+0143 (decimal 323)
   defining Unicode char U+0144 (decimal 324)
   defining Unicode char U+0145 (decimal 325)
   defining Unicode char U+0146 (decimal 326)
   defining Unicode char U+0147 (decimal 327)
   defining Unicode char U+0148 (decimal 328)
   defining Unicode char U+014A (decimal 330)
   defining Unicode char U+014B (decimal 331)
   defining Unicode char U+014C (decimal 332)
   defining Unicode char U+014D (decimal 333)
   defining Unicode char U+014E (decimal 334)
   defining Unicode char U+014F (decimal 335)
   defining Unicode char U+0150 (decimal 336)
   defining Unicode char U+0151 (decimal 337)
   defining Unicode char U+0152 (decimal 338)
   defining Unicode char U+0153 (decimal 339)
   defining Unicode char U+0154 (decimal 340)
   defining Unicode char U+0155 (decimal 341)
   defining Unicode char U+0156 (decimal 342)
   defining Unicode char U+0157 (decimal 343)
   defining Unicode char U+0158 (decimal 344)
   defining Unicode char U+0159 (decimal 345)
   defining Unicode char U+015A (decimal 346)
   defining Unicode char U+015B (decimal 347)
   defining Unicode char U+015C (decimal 348)
   defining Unicode char U+015D (decimal 349)
   defining Unicode char U+015E (decimal 350)
   defining Unicode char U+015F (decimal 351)
   defining Unicode char U+0160 (decimal 352)
   defining Unicode char U+0161 (decimal 353)
   defining Unicode char U+0162 (decimal 354)
   defining Unicode char U+0163 (decimal 355)
   defining Unicode char U+0164 (decimal 356)
   defining Unicode char U+0165 (decimal 357)
   defining Unicode char U+0168 (decimal 360)
   defining Unicode char U+0169 (decimal 361)
   defining Unicode char U+016A (decimal 362)
   defining Unicode char U+016B (decimal 363)
   defining Unicode char U+016C (decimal 364)
   defining Unicode char U+016D (decimal 365)
   defining Unicode char U+016E (decimal 366)
   defining Unicode char U+016F (decimal 367)
   defining Unicode char U+0170 (decimal 368)
   defining Unicode char U+0171 (decimal 369)
   defining Unicode char U+0172 (decimal 370)
   defining Unicode char U+0173 (decimal 371)
   defining Unicode char U+0174 (decimal 372)
   defining Unicode char U+0175 (decimal 373)
   defining Unicode char U+0176 (decimal 374)
   defining Unicode char U+0177 (decimal 375)
   defining Unicode char U+0178 (decimal 376)
   defining Unicode char U+0179 (decimal 377)
   defining Unicode char U+017A (decimal 378)
   defining Unicode char U+017B (decimal 379)
   defining Unicode char U+017C (decimal 380)
   defining Unicode char U+017D (decimal 381)
   defining Unicode char U+017E (decimal 382)
   defining Unicode char U+01CD (decimal 461)
   defining Unicode char U+01CE (decimal 462)
   defining Unicode char U+01CF (decimal 463)
   defining Unicode char U+01D0 (decimal 464)
   defining Unicode char U+01D1 (decimal 465)
   defining Unicode char U+01D2 (decimal 466)
   defining Unicode char U+01D3 (decimal 467)
   defining Unicode char U+01D4 (decimal 468)
   defining Unicode char U+01E2 (decimal 482)
   defining Unicode char U+01E3 (decimal 483)
   defining Unicode char U+01E6 (decimal 486)
   defining Unicode char U+01E7 (decimal 487)
   defining Unicode char U+01E8 (decimal 488)
   defining Unicode char U+01E9 (decimal 489)
   defining Unicode char U+01EA (decimal 490)
   defining Unicode char U+01EB (decimal 491)
   defining Unicode char U+01F0 (decimal 496)
   defining Unicode char U+01F4 (decimal 500)
   defining Unicode char U+01F5 (decimal 501)
   defining Unicode char U+0218 (decimal 536)
   defining Unicode char U+0219 (decimal 537)
   defining Unicode char U+021A (decimal 538)
   defining Unicode char U+021B (decimal 539)
   defining Unicode char U+01E02 (decimal 7682)
   defining Unicode char U+01E03 (decimal 7683)
   defining Unicode char U+200C (decimal 8204)
   defining Unicode char U+2013 (decimal 8211)
   defining Unicode char U+2014 (decimal 8212)
   defining Unicode char U+2018 (decimal 8216)
   defining Unicode char U+2019 (decimal 8217)
   defining Unicode char U+201A (decimal 8218)
   defining Unicode char U+201C (decimal 8220)
   defining Unicode char U+201D (decimal 8221)
   defining Unicode char U+201E (decimal 8222)
   defining Unicode char U+2030 (decimal 8240)
   defining Unicode char U+2031 (decimal 8241)
   defining Unicode char U+2039 (decimal 8249)
   defining Unicode char U+203A (decimal 8250)
   defining Unicode char U+2423 (decimal 9251)
)
Now handling font encoding OT1 ...
... processing UTF-8 mapping file for font encoding OT1

(/usr/share/texlive/texmf-dist/tex/latex/base/ot1enc.dfu
File: ot1enc.dfu 2015/12/03 v1.1r UTF-8 support for inputenc
   defining Unicode char U+00A0 (decimal 160)
   defining Unicode char U+00A1 (decimal 161)
   defining Unicode char U+00A3 (decimal 163)
   defining Unicode char U+00AD (decimal 173)
   defining Unicode char U+00B8 (decimal 184)
   defining Unicode char U+00BF (decimal 191)
   defining Unicode char U+00C5 (decimal 197)
   defining Unicode char U+00C6 (decimal 198)
   defining Unicode char U+00D8 (decimal 216)
   defining Unicode char U+00DF (decimal 223)
   defining Unicode char U+00E6 (decimal 230)
   defining Unicode char U+00EC (decimal 236)
   defining Unicode char U+00ED (decimal 237)
   defining Unicode char U+00EE (decimal 238)
   defining Unicode char U+00EF (decimal 239)
   defining Unicode char U+00F8 (decimal 248)
   defining Unicode char U+0131 (decimal 305)
   defining Unicode char U+0141 (decimal 321)
   defining Unicode char U+0142 (decimal 322)
   defining Unicode char U+0152 (decimal 338)
   defining Unicode char U+0153 (decimal 339)
   defining Unicode char U+0174 (decimal 372)
   defining Unicode char U+0175 (decimal 373)
   defining Unicode char U+0176 (decimal 374)
   defining Unicode char U+0177 (decimal 375)
   defining Unicode char U+0218 (decimal 536)
   defining Unicode char U+0219 (decimal 537)
   defining Unicode char U+021A (decimal 538)
   defining Unicode char U+021B (decimal 539)
   defining Unicode char U+2013 (decimal 8211)
   defining Unicode char U+2014 (decimal 8212)
   defining Unicode char U+2018 (decimal 8216)
   defining Unicode char U+2019 (decimal 8217)
   defining Unicode char U+201C (decimal 8220)
   defining Unicode char U+201D (decimal 8221)
)
Now handling font encoding OMS ...
... processing UTF-8 mapping file for font encoding OMS

(/usr/share/texlive/texmf-dist/tex/latex/base/omsenc.dfu
File: omsenc.dfu 2015/12/03 v1.1r UTF-8 support for inputenc
   defining Unicode char U+00A7 (decimal 167)
   defining Unicode char U+00B6 (decimal 182)
   defining Unicode char U+00B7 (decimal 183)
   defining Unicode char U+2020 (decimal 8224)
   defining Unicode char U+2021 (decimal 8225)
   defining Unicode char U+2022 (decimal 8226)
)
Now handling font encoding OMX ...
... no UTF-8 mapping file for font encoding OMX
Now handling font encoding U ...
... no UTF-8 mapping file for font encoding U
   defining Unicode char U+00A9 (decimal 169)
   defining Unicode char U+00AA (decimal 170)
   defining Unicode char U+00AE (decimal 174)
   defining Unicode char U+00BA (decimal 186)
   defining Unicode char U+02C6 (decimal 710)
   defining Unicode char U+02DC (decimal 732)
   defining Unicode char U+200C (decimal 8204)
   defining Unicode char U+2026 (decimal 8230)
   defining Unicode char U+2122 (decimal 8482)
   defining Unicode char U+2423 (decimal 9251)
))
(/usr/share/texlive/texmf-dist/tex/latex/base/fontenc.sty
Package: fontenc 2005/09/27 v1.99g Standard LaTeX package

(/usr/share/texlive/texmf-dist/tex/latex/base/t1enc.def
File: t1enc.def 2005/09/27 v1.99g Standard LaTeX file
LaTeX Font Info:    Redeclaring font encoding T1 on input line 48.
))
(/usr/share/texlive/texmf-dist/tex/latex/psnfss/times.sty
Package: times 2005/04/12 PSNFSS-v9.2a (SPQR) 
)
(/usr/share/texlive/texmf-dist/tex/latex/amsmath/amsmath.sty
Package: amsmath 2016/03/03 v2.15a AMS math features
\@mathmargin=\skip66

For additional information on amsmath, use the `?' option.
(/usr/share/texlive/texmf-dist/tex/latex/amsmath/amstext.sty
Package: amstext 2000/06/29 v2.01 AMS text

(/usr/share/texlive/texmf-dist/tex/latex/amsmath/amsgen.sty
File: amsgen.sty 1999/11/30 v2.0 generic functions
\@emptytoks=\toks27
\ex@=\dimen143
))
(/usr/share/texlive/texmf-dist/tex/latex/amsmath/amsbsy.sty
Package: amsbsy 1999/11/29 v1.2d Bold Symbols
\pmbraise@=\dimen144
)
(/usr/share/texlive/texmf-dist/tex/latex/amsmath/amsopn.sty
Package: amsopn 1999/12/14 v2.01 operator names
)
\inf@bad=\count104
LaTeX Info: Redefining \frac on input line 199.
\uproot@=\count105
\leftroot@=\count106
LaTeX Info: Redefining \overline on input line 297.
\classnum@=\count107
\DOTSCASE@=\count108
LaTeX Info: Redefining \ldots on input line 394.
LaTeX Info: Redefining \dots on input line 397.
LaTeX Info: Redefining \cdots on input line 518.
\Mathstrutbox@=\box32
\strutbox@=\box33
\big@size=\dimen145
LaTeX Font Info:    Redeclaring font encoding OML on input line 630.
LaTeX Font Info:    Redeclaring font encoding OMS on input line 631.
\macc@depth=\count109
\c@MaxMatrixCols=\count110
\dotsspace@=\muskip10
\c@parentequation=\count111
\dspbrk@lvl=\count112
\tag@help=\toks28
\row@=\count113
\column@=\count114
\maxfields@=\count115
\andhelp@=\toks29
\eqnshift@=\dimen146
\alignsep@=\dimen147
\tagshift@=\dimen148
\tagwidth@=\dimen149
\totwidth@=\dimen150
\lineht@=\dimen151
\@envbody=\toks30
\multlinegap=\skip67
\multlinetaggap=\skip68
\mathdisplay@stack=\toks31
LaTeX Info: Redefining \[ on input line 2735.
LaTeX Info: Redefining \] on input line 2736.
)
(/usr/share/texlive/texmf-dist/tex/latex/amscls/amsthm.sty
Package: amsthm 2015/03/04 v2.20.2
\thm@style=\toks32
\thm@bodyfont=\toks33
\thm@headfont=\toks34
\thm@notefont=\toks35
\thm@headpunct=\toks36
\thm@preskip=\skip69
\thm@postskip=\skip70
\thm@headsep=\skip71
\dth@everypar=\toks37
)
(/usr/share/texlive/texmf-dist/tex/latex/amsfonts/amssymb.sty
Package: amssymb 2013/01/14 v3.01 AMS font symbols

(/usr/share/texlive/texmf-dist/tex/latex/amsfonts/amsfonts.sty
Package: amsfonts 2013/01/14 v3.01 Basic AMSFonts support
\symAMSa=\mathgroup4
\symAMSb=\mathgroup5
LaTeX Font Info:    Overwriting math alphabet `\mathfrak' in version `bold'
(Font)                  U/euf/m/n --> U/euf/b/n on input line 106.
))
(/usr/share/texlive/texmf-dist/tex/latex/base/latexsym.sty
Package: latexsym 1998/08/17 v2.2e Standard LaTeX package (lasy symbols)
\symlasy=\mathgroup6
LaTeX Font Info:    Overwriting symbol font `lasy' in version `bold'
(Font)                  U/lasy/m/n --> U/lasy/b/n on input line 52.
)
(/usr/share/texlive/texmf-dist/tex/latex/xcolor/xcolor.sty
Package: xcolor 2007/01/21 v2.11 LaTeX color extensions (UK)

(/usr/share/texlive/texmf-dist/tex/latex/latexconfig/color.cfg
File: color.cfg 2007/01/18 v1.5 color configuration of teTeX/TeXLive
)
Package xcolor Info: Driver file: pdftex.def on input line 225.
LaTeX Info: Redefining \color on input line 702.
Package xcolor Info: Model `cmy' substituted by `cmy0' on input line 1337.
Package xcolor Info: Model `hsb' substituted by `rgb' on input line 1341.
Package xcolor Info: Model `RGB' extended on input line 1353.
Package xcolor Info: Model `HTML' substituted by `rgb' on input line 1355.
Package xcolor Info: Model `Hsb' substituted by `hsb' on input line 1356.
Package xcolor Info: Model `tHsb' substituted by `hsb' on input line 1357.
Package xcolor Info: Model `HSB' substituted by `hsb' on input line 1358.
Package xcolor Info: Model `Gray' substituted by `gray' on input line 1359.
Package xcolor Info: Model `wave' substituted by `hsb' on input line 1360.
)
(/usr/share/texlive/texmf-dist/tex/latex/paralist/paralist.sty
Package: paralist 2015/12/30 v2.5 Extended list environments
\pltopsep=\skip72
\plpartopsep=\skip73
\plitemsep=\skip74
\plparsep=\skip75
\pl@lab=\toks38
)
(/usr/share/texlive/texmf-dist/tex/latex/hyperref/hyperref.sty
Package: hyperref 2012/11/06 v6.83m Hypertext links for LaTeX

(/usr/share/texlive/texmf-dist/tex/generic/oberdiek/hobsub-hyperref.sty
Package: hobsub-hyperref 2012/05/28 v1.13 Bundle oberdiek, subset hyperref (HO)


(/usr/share/texlive/texmf-dist/tex/generic/oberdiek/hobsub-generic.sty
Package: hobsub-generic 2012/05/28 v1.13 Bundle oberdiek, subset generic (HO)
Package: hobsub 2012/05/28 v1.13 Construct package bundles (HO)
Package hobsub Info: Skipping package `infwarerr' (already loaded).
Package hobsub Info: Skipping package `ltxcmds' (already loaded).
Package: ifluatex 2010/03/01 v1.3 Provides the ifluatex switch (HO)
Package ifluatex Info: LuaTeX not detected.
Package hobsub Info: Skipping package `ifvtex' (already loaded).
Package: intcalc 2007/09/27 v1.1 Expandable calculations with integers (HO)
Package hobsub Info: Skipping package `ifpdf' (already loaded).
Package: etexcmds 2011/02/16 v1.5 Avoid name clashes with e-TeX commands (HO)
Package etexcmds Info: Could not find \expanded.
(etexcmds)             That can mean that you are not using pdfTeX 1.50 or
(etexcmds)             that some package has redefined \expanded.
(etexcmds)             In the latter case, load this package earlier.
Package: kvsetkeys 2012/04/25 v1.16 Key value parser (HO)
Package: kvdefinekeys 2011/04/07 v1.3 Define keys (HO)
Package: pdftexcmds 2011/11/29 v0.20 Utility functions of pdfTeX for LuaTeX (HO
)
Package pdftexcmds Info: LuaTeX not detected.
Package pdftexcmds Info: \pdf@primitive is available.
Package pdftexcmds Info: \pdf@ifprimitive is available.
Package pdftexcmds Info: \pdfdraftmode found.
Package: pdfescape 2011/11/25 v1.13 Implements pdfTeX's escape features (HO)
Package: bigintcalc 2012/04/08 v1.3 Expandable calculations on big integers (HO
)
Package: bitset 2011/01/30 v1.1 Handle bit-vector datatype (HO)
Package: uniquecounter 2011/01/30 v1.2 Provide unlimited unique counter (HO)
)
Package hobsub Info: Skipping package `hobsub' (already loaded).
Package: letltxmacro 2010/09/02 v1.4 Let assignment for LaTeX macros (HO)
Package: hopatch 2012/05/28 v1.2 Wrapper for package hooks (HO)
Package: xcolor-patch 2011/01/30 xcolor patch
Package: atveryend 2011/06/30 v1.8 Hooks at the very end of document (HO)
Package atveryend Info: \enddocument detected (standard20110627).
Package: atbegshi 2011/10/05 v1.16 At begin shipout hook (HO)
Package: refcount 2011/10/16 v3.4 Data extraction from label references (HO)
Package: hycolor 2011/01/30 v1.7 Color options for hyperref/bookmark (HO)
)
(/usr/share/texlive/texmf-dist/tex/latex/oberdiek/auxhook.sty
Package: auxhook 2011/03/04 v1.3 Hooks for auxiliary files (HO)
)
(/usr/share/texlive/texmf-dist/tex/latex/oberdiek/kvoptions.sty
Package: kvoptions 2011/06/30 v3.11 Key value format for package options (HO)
)
\@linkdim=\dimen152
\Hy@linkcounter=\count116
\Hy@pagecounter=\count117

(/usr/share/texlive/texmf-dist/tex/latex/hyperref/pd1enc.def
File: pd1enc.def 2012/11/06 v6.83m Hyperref: PDFDocEncoding definition (HO)
Now handling font encoding PD1 ...
... no UTF-8 mapping file for font encoding PD1
)
\Hy@SavedSpaceFactor=\count118

(/usr/share/texlive/texmf-dist/tex/latex/latexconfig/hyperref.cfg
File: hyperref.cfg 2002/06/06 v1.2 hyperref configuration of TeXLive
)
Package hyperref Info: Option `setpagesize' set `false' on input line 4319.
Package hyperref Info: Option `colorlinks' set `true' on input line 4319.


Package hyperref Warning: Option `pagecolor' is not available anymore.

Package hyperref Info: Option `breaklinks' set `true' on input line 4319.
Package hyperref Info: Option `bookmarks' set `true' on input line 4319.
Package hyperref Info: Option `bookmarksopen' set `true' on input line 4319.
Package hyperref Info: Hyper figures OFF on input line 4443.
Package hyperref Info: Link nesting OFF on input line 4448.
Package hyperref Info: Hyper index ON on input line 4451.
Package hyperref Info: Plain pages OFF on input line 4458.
Package hyperref Info: Backreferencing OFF on input line 4463.
Package hyperref Info: Implicit mode ON; LaTeX internals redefined.
Package hyperref Info: Bookmarks ON on input line 4688.
\c@Hy@tempcnt=\count119
(/usr/share/texlive/texmf-dist/tex/latex/url/url.sty
\Urlmuskip=\muskip11
Package: url 2013/09/16  ver 3.4  Verb mode for urls, etc.
)
LaTeX Info: Redefining \url on input line 5041.
\XeTeXLinkMargin=\dimen153
\Fld@menulength=\count120
\Field@Width=\dimen154
\Fld@charsize=\dimen155
Package hyperref Info: Hyper figures OFF on input line 6295.
Package hyperref Info: Link nesting OFF on input line 6300.
Package hyperref Info: Hyper index ON on input line 6303.
Package hyperref Info: backreferencing OFF on input line 6310.
Package hyperref Info: Link coloring ON on input line 6313.
Package hyperref Info: Link coloring with OCG OFF on input line 6320.
Package hyperref Info: PDF/A mode OFF on input line 6325.
LaTeX Info: Redefining \ref on input line 6365.
LaTeX Info: Redefining \pageref on input line 6369.
\Hy@abspage=\count121
\c@Item=\count122
\c@Hfootnote=\count123
)

Package hyperref Message: Driver (autodetected): hpdftex.

(/usr/share/texlive/texmf-dist/tex/latex/hyperref/hpdftex.def
File: hpdftex.def 2012/11/06 v6.83m Hyperref driver for pdfTeX
\Fld@listcount=\count124
\c@bookmark@seq@number=\count125

(/usr/share/texlive/texmf-dist/tex/latex/oberdiek/rerunfilecheck.sty
Package: rerunfilecheck 2011/04/15 v1.7 Rerun checks for auxiliary files (HO)
Package uniquecounter Info: New unique counter `rerunfilecheck' on input line 2
82.
)
\Hy@SectionHShift=\skip76
)
(/usr/share/texlive/texmf-dist/tex/latex/caption/caption.sty
Package: caption 2016/02/21 v3.3-144 Customizing captions (AR)

(/usr/share/texlive/texmf-dist/tex/latex/caption/caption3.sty
Package: caption3 2016/02/04 v1.7-139 caption3 kernel (AR)
Package caption3 Info: TeX engine: e-TeX on input line 67.
\captionmargin=\dimen156
\captionmargin@=\dimen157
\captionwidth=\dimen158
\caption@tempdima=\dimen159
\caption@indent=\dimen160
\caption@parindent=\dimen161
\caption@hangindent=\dimen162
)
\c@ContinuedFloat=\count126
Package caption Info: hyperref package is loaded.
Package caption Info: longtable package is loaded.

(/usr/share/texlive/texmf-dist/tex/latex/caption/ltcaption.sty
Package: ltcaption 2013/06/09 v1.4-94 longtable captions (AR)
)
Package caption Info: rotating package is loaded.
)
\hfuzz=\dimen163
\hbadness=\count127

(/usr/share/texlive/texmf-dist/tex/latex/fancyhdr/fancyhdr.sty
\fancy@headwidth=\skip77
\f@ncyO@elh=\skip78
\f@ncyO@erh=\skip79
\f@ncyO@olh=\skip80
\f@ncyO@orh=\skip81
\f@ncyO@elf=\skip82
\f@ncyO@erf=\skip83
\f@ncyO@olf=\skip84
\f@ncyO@orf=\skip85
))
(/usr/share/texlive/texmf-dist/tex/latex/snapshot/snapshot.sty
Package: snapshot 2002/03/05 v1.14
)
(/usr/share/texlive/texmf-dist/tex/latex/mathtools/mathtools.sty
Package: mathtools 2015/11/12 v1.18 mathematical typesetting tools

(/usr/share/texlive/texmf-dist/tex/latex/tools/calc.sty
Package: calc 2014/10/28 v4.3 Infix arithmetic (KKT,FJ)
\calc@Acount=\count128
\calc@Bcount=\count129
\calc@Adimen=\dimen164
\calc@Bdimen=\dimen165
\calc@Askip=\skip86
\calc@Bskip=\skip87
LaTeX Info: Redefining \setlength on input line 80.
LaTeX Info: Redefining \addtolength on input line 81.
\calc@Ccount=\count130
\calc@Cskip=\skip88
)
(/usr/share/texlive/texmf-dist/tex/latex/mathtools/mhsetup.sty
Package: mhsetup 2010/01/21 v1.2a programming setup (MH)
)
LaTeX Info: Thecontrolsequence`\('isalreadyrobust on input line 129.
LaTeX Info: Thecontrolsequence`\)'isalreadyrobust on input line 129.
LaTeX Info: Thecontrolsequence`\['isalreadyrobust on input line 129.
LaTeX Info: Thecontrolsequence`\]'isalreadyrobust on input line 129.
\g_MT_multlinerow_int=\count131
\l_MT_multwidth_dim=\dimen166
\origjot=\skip89
\l_MT_shortvdotswithinadjustabove_dim=\dimen167
\l_MT_shortvdotswithinadjustbelow_dim=\dimen168
\l_MT_above_intertext_sep=\dimen169
\l_MT_below_intertext_sep=\dimen170
\l_MT_above_shortintertext_sep=\dimen171
\l_MT_below_shortintertext_sep=\dimen172
)
(/usr/share/texlive/texmf-dist/tex/latex/enumitem/enumitem.sty
Package: enumitem 2011/09/28 v3.5.2 Customized lists
\labelindent=\skip90
\enit@outerparindent=\dimen173
\enit@toks=\toks39
\enit@inbox=\box34
\enitdp@description=\count132
)
(/usr/share/texlive/texmf-dist/tex/latex/subfig/subfig.sty
Package: subfig 2005/06/28 ver: 1.3 subfig package
Package subfig Warning: You cannot set the `caption' option here if the
(subfig)                caption package is already loaded (the option
(subfig)                `caption=true' is ignored) on input line 139.
\c@KVtest=\count133
\sf@farskip=\skip91
\sf@captopadj=\dimen174
\sf@capskip=\skip92
\sf@nearskip=\skip93
\c@subfigure=\count134
\c@subfigure@save=\count135
\c@lofdepth=\count136
\c@subtable=\count137
\c@subtable@save=\count138
\c@lotdepth=\count139
\sf@top=\skip94
\sf@bottom=\skip95
)
(/usr/share/texlive/texmf-dist/tex/latex/algorithm2e/algorithm2e.sty
Package: algorithm2e 2013/01/06 v5.00 algorithms environments
\c@AlgoLine=\count140
\algocf@hangindent=\skip96

(/usr/share/texlive/texmf-dist/tex/latex/relsize/relsize.sty
Package: relsize 2013/03/29 ver 4.1
)
********************************************************
Package `algorithm2e' Release 5.1 -- october 19 2015 --
- algorithm2e-announce@lirmm.fr mailing list for announcement about releases
- algorithm2e-discussion@lirmm.fr mailing list for discussion about package
subscribe by emailing sympa@lirmm.fr with 'subscribe <list> <firstname name>'
- Author: Christophe Fiorio (christophe.fiorio@umontpellier.fr)
********************************************************
\skiptotal=\skip97
\skiplinenumber=\skip98
\skiprule=\skip99
\skiphlne=\skip100
\skiptext=\skip101
\skiplength=\skip102
\algomargin=\skip103
\skipalgocfslide=\skip104
\algowidth=\dimen175
\inoutsize=\dimen176
\inoutindent=\dimen177
\interspacetitleruled=\dimen178
\interspacealgoruled=\dimen179
\interspacetitleboxruled=\dimen180
\algocf@ruledwidth=\skip105
\algocf@inoutbox=\box35
\algocf@inputbox=\box36
\AlCapSkip=\skip106
\AlCapHSkip=\skip107
\algoskipindent=\skip108
\algocf@nlbox=\box37
\algocf@hangingbox=\box38
\algocf@untilbox=\box39
\algocf@skipuntil=\skip109
\algocf@capbox=\box40
\algoheightruledefault=\skip110
\algoheightrule=\skip111
\algotitleheightruledefault=\skip112
\algotitleheightrule=\skip113
\c@algocfline=\count141
\c@algocfproc=\count142
\c@algocf=\count143
\algocf@algoframe=\box41
\algocf@algobox=\box42
) (/usr/share/texlive/texmf-dist/tex/latex/tools/bm.sty
Package: bm 2014/10/28 v1.1c Bold Symbol Support (DPC/FMi)
\symboldoperators=\mathgroup7
\symboldletters=\mathgroup8
\symboldsymbols=\mathgroup9
\symboldlasy=\mathgroup10
LaTeX Font Info:    Redeclaring math alphabet \mathbf on input line 141.
LaTeX Info: Redefining \bm on input line 207.
)
(/usr/share/texlive/texmf-dist/tex/latex/fancyvrb/fancyvrb.sty
Package: fancyvrb 2008/02/07

Style option: `fancyvrb' v2.7a, with DG/SPQR fixes, and firstline=lastline fix 
<2008/02/07> (tvz)
\FV@CodeLineNo=\count144
\FV@InFile=\read1
\FV@TabBox=\box43
\c@FancyVerbLine=\count145
\FV@StepNumber=\count146
\FV@OutFile=\write3
) (/usr/share/texlive/texmf-dist/tex/latex/bbding/bbding.sty
Package: bbding 1999/04/15 v1.01 Dingbats symbols
) (/usr/share/texlive/texmf-dist/tex/latex/multirow/multirow.sty
\bigstrutjot=\dimen181
)
(/usr/share/texlive/texmf-dist/tex/latex/pgf/frontendlayer/tikz.sty
(/usr/share/texlive/texmf-dist/tex/latex/pgf/basiclayer/pgf.sty
(/usr/share/texlive/texmf-dist/tex/latex/pgf/utilities/pgfrcs.sty
(/usr/share/texlive/texmf-dist/tex/generic/pgf/utilities/pgfutil-common.tex
\pgfutil@everybye=\toks40
\pgfutil@tempdima=\dimen182
\pgfutil@tempdimb=\dimen183

(/usr/share/texlive/texmf-dist/tex/generic/pgf/utilities/pgfutil-common-lists.t
ex)) (/usr/share/texlive/texmf-dist/tex/generic/pgf/utilities/pgfutil-latex.def
\pgfutil@abb=\box44
(/usr/share/texlive/texmf-dist/tex/latex/ms/everyshi.sty
Package: everyshi 2001/05/15 v3.00 EveryShipout Package (MS)
))
(/usr/share/texlive/texmf-dist/tex/generic/pgf/utilities/pgfrcs.code.tex
Package: pgfrcs 2015/08/07 v3.0.1a (rcs-revision 1.31)
))
Package: pgf 2015/08/07 v3.0.1a (rcs-revision 1.15)

(/usr/share/texlive/texmf-dist/tex/latex/pgf/basiclayer/pgfcore.sty
(/usr/share/texlive/texmf-dist/tex/latex/pgf/systemlayer/pgfsys.sty
(/usr/share/texlive/texmf-dist/tex/generic/pgf/systemlayer/pgfsys.code.tex
Package: pgfsys 2014/07/09 v3.0.1a (rcs-revision 1.48)

(/usr/share/texlive/texmf-dist/tex/generic/pgf/utilities/pgfkeys.code.tex
\pgfkeys@pathtoks=\toks41
\pgfkeys@temptoks=\toks42

(/usr/share/texlive/texmf-dist/tex/generic/pgf/utilities/pgfkeysfiltered.code.t
ex
\pgfkeys@tmptoks=\toks43
))
\pgf@x=\dimen184
\pgf@y=\dimen185
\pgf@xa=\dimen186
\pgf@ya=\dimen187
\pgf@xb=\dimen188
\pgf@yb=\dimen189
\pgf@xc=\dimen190
\pgf@yc=\dimen191
\w@pgf@writea=\write4
\r@pgf@reada=\read2
\c@pgf@counta=\count147
\c@pgf@countb=\count148
\c@pgf@countc=\count149
\c@pgf@countd=\count150
\t@pgf@toka=\toks44
\t@pgf@tokb=\toks45
\t@pgf@tokc=\toks46
 (/usr/share/texlive/texmf-dist/tex/generic/pgf/systemlayer/pgf.cfg
File: pgf.cfg 2008/05/14  (rcs-revision 1.7)
)
Driver file for pgf: pgfsys-pdftex.def

(/usr/share/texlive/texmf-dist/tex/generic/pgf/systemlayer/pgfsys-pdftex.def
File: pgfsys-pdftex.def 2014/10/11  (rcs-revision 1.35)

(/usr/share/texlive/texmf-dist/tex/generic/pgf/systemlayer/pgfsys-common-pdf.de
f
File: pgfsys-common-pdf.def 2013/10/10  (rcs-revision 1.13)
)))
(/usr/share/texlive/texmf-dist/tex/generic/pgf/systemlayer/pgfsyssoftpath.code.
tex
File: pgfsyssoftpath.code.tex 2013/09/09  (rcs-revision 1.9)
\pgfsyssoftpath@smallbuffer@items=\count151
\pgfsyssoftpath@bigbuffer@items=\count152
)
(/usr/share/texlive/texmf-dist/tex/generic/pgf/systemlayer/pgfsysprotocol.code.
tex
File: pgfsysprotocol.code.tex 2006/10/16  (rcs-revision 1.4)
))
(/usr/share/texlive/texmf-dist/tex/generic/pgf/basiclayer/pgfcore.code.tex
Package: pgfcore 2010/04/11 v3.0.1a (rcs-revision 1.7)

(/usr/share/texlive/texmf-dist/tex/generic/pgf/math/pgfmath.code.tex
(/usr/share/texlive/texmf-dist/tex/generic/pgf/math/pgfmathcalc.code.tex
(/usr/share/texlive/texmf-dist/tex/generic/pgf/math/pgfmathutil.code.tex)
(/usr/share/texlive/texmf-dist/tex/generic/pgf/math/pgfmathparser.code.tex
\pgfmath@dimen=\dimen192
\pgfmath@count=\count153
\pgfmath@box=\box45
\pgfmath@toks=\toks47
\pgfmath@stack@operand=\toks48
\pgfmath@stack@operation=\toks49
)
(/usr/share/texlive/texmf-dist/tex/generic/pgf/math/pgfmathfunctions.code.tex
(/usr/share/texlive/texmf-dist/tex/generic/pgf/math/pgfmathfunctions.basic.code
.tex)
(/usr/share/texlive/texmf-dist/tex/generic/pgf/math/pgfmathfunctions.trigonomet
ric.code.tex)
(/usr/share/texlive/texmf-dist/tex/generic/pgf/math/pgfmathfunctions.random.cod
e.tex)
(/usr/share/texlive/texmf-dist/tex/generic/pgf/math/pgfmathfunctions.comparison
.code.tex)
(/usr/share/texlive/texmf-dist/tex/generic/pgf/math/pgfmathfunctions.base.code.
tex)
(/usr/share/texlive/texmf-dist/tex/generic/pgf/math/pgfmathfunctions.round.code
.tex)
(/usr/share/texlive/texmf-dist/tex/generic/pgf/math/pgfmathfunctions.misc.code.
tex)
(/usr/share/texlive/texmf-dist/tex/generic/pgf/math/pgfmathfunctions.integerari
thmetics.code.tex)))
(/usr/share/texlive/texmf-dist/tex/generic/pgf/math/pgfmathfloat.code.tex
\c@pgfmathroundto@lastzeros=\count154
))
(/usr/share/texlive/texmf-dist/tex/generic/pgf/basiclayer/pgfcorepoints.code.te
x
File: pgfcorepoints.code.tex 2013/10/07  (rcs-revision 1.27)
\pgf@picminx=\dimen193
\pgf@picmaxx=\dimen194
\pgf@picminy=\dimen195
\pgf@picmaxy=\dimen196
\pgf@pathminx=\dimen197
\pgf@pathmaxx=\dimen198
\pgf@pathminy=\dimen199
\pgf@pathmaxy=\dimen256
\pgf@xx=\dimen257
\pgf@xy=\dimen258
\pgf@yx=\dimen259
\pgf@yy=\dimen260
\pgf@zx=\dimen261
\pgf@zy=\dimen262
)
(/usr/share/texlive/texmf-dist/tex/generic/pgf/basiclayer/pgfcorepathconstruct.
code.tex
File: pgfcorepathconstruct.code.tex 2013/10/07  (rcs-revision 1.29)
\pgf@path@lastx=\dimen263
\pgf@path@lasty=\dimen264
)
(/usr/share/texlive/texmf-dist/tex/generic/pgf/basiclayer/pgfcorepathusage.code
.tex
File: pgfcorepathusage.code.tex 2014/11/02  (rcs-revision 1.24)
\pgf@shorten@end@additional=\dimen265
\pgf@shorten@start@additional=\dimen266
)
(/usr/share/texlive/texmf-dist/tex/generic/pgf/basiclayer/pgfcorescopes.code.te
x
File: pgfcorescopes.code.tex 2015/05/08  (rcs-revision 1.46)
\pgfpic=\box46
\pgf@hbox=\box47
\pgf@layerbox@main=\box48
\pgf@picture@serial@count=\count155
)
(/usr/share/texlive/texmf-dist/tex/generic/pgf/basiclayer/pgfcoregraphicstate.c
ode.tex
File: pgfcoregraphicstate.code.tex 2014/11/02  (rcs-revision 1.12)
\pgflinewidth=\dimen267
)
(/usr/share/texlive/texmf-dist/tex/generic/pgf/basiclayer/pgfcoretransformation
s.code.tex
File: pgfcoretransformations.code.tex 2015/08/07  (rcs-revision 1.20)
\pgf@pt@x=\dimen268
\pgf@pt@y=\dimen269
\pgf@pt@temp=\dimen270
)
(/usr/share/texlive/texmf-dist/tex/generic/pgf/basiclayer/pgfcorequick.code.tex
File: pgfcorequick.code.tex 2008/10/09  (rcs-revision 1.3)
)
(/usr/share/texlive/texmf-dist/tex/generic/pgf/basiclayer/pgfcoreobjects.code.t
ex
File: pgfcoreobjects.code.tex 2006/10/11  (rcs-revision 1.2)
)
(/usr/share/texlive/texmf-dist/tex/generic/pgf/basiclayer/pgfcorepathprocessing
.code.tex
File: pgfcorepathprocessing.code.tex 2013/09/09  (rcs-revision 1.9)
)
(/usr/share/texlive/texmf-dist/tex/generic/pgf/basiclayer/pgfcorearrows.code.te
x
File: pgfcorearrows.code.tex 2015/05/14  (rcs-revision 1.43)
\pgfarrowsep=\dimen271
)
(/usr/share/texlive/texmf-dist/tex/generic/pgf/basiclayer/pgfcoreshade.code.tex
File: pgfcoreshade.code.tex 2013/07/15  (rcs-revision 1.15)
\pgf@max=\dimen272
\pgf@sys@shading@range@num=\count156
)
(/usr/share/texlive/texmf-dist/tex/generic/pgf/basiclayer/pgfcoreimage.code.tex
File: pgfcoreimage.code.tex 2013/07/15  (rcs-revision 1.18)

(/usr/share/texlive/texmf-dist/tex/generic/pgf/basiclayer/pgfcoreexternal.code.
tex
File: pgfcoreexternal.code.tex 2014/07/09  (rcs-revision 1.21)
\pgfexternal@startupbox=\box49
))
(/usr/share/texlive/texmf-dist/tex/generic/pgf/basiclayer/pgfcorelayers.code.te
x
File: pgfcorelayers.code.tex 2013/07/18  (rcs-revision 1.7)
)
(/usr/share/texlive/texmf-dist/tex/generic/pgf/basiclayer/pgfcoretransparency.c
ode.tex
File: pgfcoretransparency.code.tex 2013/09/30  (rcs-revision 1.5)
)
(/usr/share/texlive/texmf-dist/tex/generic/pgf/basiclayer/pgfcorepatterns.code.
tex
File: pgfcorepatterns.code.tex 2013/11/07  (rcs-revision 1.5)
)))
(/usr/share/texlive/texmf-dist/tex/generic/pgf/modules/pgfmoduleshapes.code.tex
File: pgfmoduleshapes.code.tex 2014/03/21  (rcs-revision 1.35)
\pgfnodeparttextbox=\box50
) (/usr/share/texlive/texmf-dist/tex/generic/pgf/modules/pgfmoduleplot.code.tex
File: pgfmoduleplot.code.tex 2015/08/03  (rcs-revision 1.13)
)
(/usr/share/texlive/texmf-dist/tex/latex/pgf/compatibility/pgfcomp-version-0-65
.sty
Package: pgfcomp-version-0-65 2007/07/03 v3.0.1a (rcs-revision 1.7)
\pgf@nodesepstart=\dimen273
\pgf@nodesepend=\dimen274
)
(/usr/share/texlive/texmf-dist/tex/latex/pgf/compatibility/pgfcomp-version-1-18
.sty
Package: pgfcomp-version-1-18 2007/07/23 v3.0.1a (rcs-revision 1.1)
)) (/usr/share/texlive/texmf-dist/tex/latex/pgf/utilities/pgffor.sty
(/usr/share/texlive/texmf-dist/tex/latex/pgf/utilities/pgfkeys.sty
(/usr/share/texlive/texmf-dist/tex/generic/pgf/utilities/pgfkeys.code.tex))
(/usr/share/texlive/texmf-dist/tex/latex/pgf/math/pgfmath.sty
(/usr/share/texlive/texmf-dist/tex/generic/pgf/math/pgfmath.code.tex))
(/usr/share/texlive/texmf-dist/tex/generic/pgf/utilities/pgffor.code.tex
Package: pgffor 2013/12/13 v3.0.1a (rcs-revision 1.25)

(/usr/share/texlive/texmf-dist/tex/generic/pgf/math/pgfmath.code.tex)
\pgffor@iter=\dimen275
\pgffor@skip=\dimen276
\pgffor@stack=\toks50
\pgffor@toks=\toks51
))
(/usr/share/texlive/texmf-dist/tex/generic/pgf/frontendlayer/tikz/tikz.code.tex
Package: tikz 2015/08/07 v3.0.1a (rcs-revision 1.151)

(/usr/share/texlive/texmf-dist/tex/generic/pgf/libraries/pgflibraryplothandlers
.code.tex
File: pgflibraryplothandlers.code.tex 2013/08/31 v3.0.1a (rcs-revision 1.20)
\pgf@plot@mark@count=\count157
\pgfplotmarksize=\dimen277
)
\tikz@lastx=\dimen278
\tikz@lasty=\dimen279
\tikz@lastxsaved=\dimen280
\tikz@lastysaved=\dimen281
\tikzleveldistance=\dimen282
\tikzsiblingdistance=\dimen283
\tikz@figbox=\box51
\tikz@figbox@bg=\box52
\tikz@tempbox=\box53
\tikz@tempbox@bg=\box54
\tikztreelevel=\count158
\tikznumberofchildren=\count159
\tikznumberofcurrentchild=\count160
\tikz@fig@count=\count161

(/usr/share/texlive/texmf-dist/tex/generic/pgf/modules/pgfmodulematrix.code.tex
File: pgfmodulematrix.code.tex 2013/09/17  (rcs-revision 1.8)
\pgfmatrixcurrentrow=\count162
\pgfmatrixcurrentcolumn=\count163
\pgf@matrix@numberofcolumns=\count164
)
\tikz@expandcount=\count165

(/usr/share/texlive/texmf-dist/tex/generic/pgf/frontendlayer/tikz/libraries/tik
zlibrarytopaths.code.tex
File: tikzlibrarytopaths.code.tex 2008/06/17 v3.0.1a (rcs-revision 1.2)
)))
Package hyperref Warning: Token not allowed in a PDF string (PDFDocEncoding):
(hyperref)                removing `\\' on input line 80.
 (./slides.aux)
\openout1 = `slides.aux'.

LaTeX Font Info:    Checking defaults for OML/cmm/m/it on input line 86.
LaTeX Font Info:    ... okay on input line 86.
LaTeX Font Info:    Checking defaults for T1/cmr/m/n on input line 86.
LaTeX Font Info:    ... okay on input line 86.
LaTeX Font Info:    Checking defaults for OT1/cmr/m/n on input line 86.
LaTeX Font Info:    ... okay on input line 86.
LaTeX Font Info:    Checking defaults for OMS/cmsy/m/n on input line 86.
LaTeX Font Info:    ... okay on input line 86.
LaTeX Font Info:    Checking defaults for OMX/cmex/m/n on input line 86.
LaTeX Font Info:    ... okay on input line 86.
LaTeX Font Info:    Checking defaults for U/cmr/m/n on input line 86.
LaTeX Font Info:    ... okay on input line 86.
LaTeX Font Info:    Checking defaults for PD1/pdf/m/n on input line 86.
LaTeX Font Info:    ... okay on input line 86.
LaTeX Font Info:    Try loading font information for T1+phv on input line 86.

(/usr/share/texlive/texmf-dist/tex/latex/psnfss/t1phv.fd
File: t1phv.fd 2001/06/04 scalable font definitions for T1/phv.
)
(/usr/share/texlive/texmf-dist/tex/context/base/supp-pdf.mkii
[Loading MPS to PDF converter (version 2006.09.02).]
\scratchcounter=\count166
\scratchdimen=\dimen284
\scratchbox=\box55
\nofMPsegments=\count167
\nofMParguments=\count168
\everyMPshowfont=\toks52
\MPscratchCnt=\count169
\MPscratchDim=\dimen285
\MPnumerator=\count170
\makeMPintoPDFobject=\count171
\everyMPtoPDFconversion=\toks53
) (/usr/share/texlive/texmf-dist/tex/latex/oberdiek/epstopdf-base.sty
Package: epstopdf-base 2010/02/09 v2.5 Base part for package epstopdf

(/usr/share/texlive/texmf-dist/tex/latex/oberdiek/grfext.sty
Package: grfext 2010/08/19 v1.1 Manage graphics extensions (HO)
)
Package grfext Info: Graphics extension search list:
(grfext)             [.png,.pdf,.jpg,.mps,.jpeg,.jbig2,.jb2,.PNG,.PDF,.JPG,.JPE
G,.JBIG2,.JB2,.eps]
(grfext)             \AppendGraphicsExtensions on input line 452.

(/usr/share/texlive/texmf-dist/tex/latex/latexconfig/epstopdf-sys.cfg
File: epstopdf-sys.cfg 2010/07/13 v1.3 Configuration of (r)epstopdf for TeX Liv
e
))
*geometry* detected driver: dvips
Package geometry Warning: The marginal notes overrun the paper.
     Add 139.77364pt and more to the right margin.
*geometry* verbose mode - [ preamble ] result:
* driver: dvips
* paper: a4paper
* layout: <same size as paper>
* layoutoffset:(h,v)=(0.0pt,0.0pt)
* modes: landscape 
* h-part:(L,W,R)=(14.22636pt, 816.59412pt, 14.22636pt)
* v-part:(T,H,B)=(14.22636pt, 511.57985pt, 71.70166pt)
* \paperwidth=845.04684pt
* \paperheight=597.50787pt
* \textwidth=779.6055pt
* \textheight=520.68542pt
* \oddsidemargin=-40.97198pt
* \evensidemargin=-58.04362pt
* \topmargin=-72.26999pt
* \headheight=36.98857pt
* \headsep=0.0pt
* \topskip=11.0pt
* \footskip=19.91692pt
* \marginparwidth=144.0pt
* \marginparsep=10.0pt
* \columnsep=10.0pt
* \skip\footins=10.0pt plus 4.0pt minus 2.0pt
* \hoffset=0.0pt
* \voffset=0.0pt
* \mag=1000
* \@twocolumnfalse
* \@twosidefalse
* \@mparswitchfalse
* \@reversemarginfalse
* (1in=72.27pt=25.4mm, 1cm=28.453pt)

ABD: EverySelectfont initializing macros
LaTeX Info: Redefining \selectfont on input line 86.

(/usr/share/texlive/texmf-dist/tex/latex/ucs/ucsencs.def
File: ucsencs.def 2011/01/21 Fixes to fontencodings LGR, T3
)
\AtBeginShipoutBox=\box56
Package hyperref Info: Link coloring ON on input line 86.

(/usr/share/texlive/texmf-dist/tex/latex/hyperref/nameref.sty
Package: nameref 2012/10/27 v2.43 Cross-referencing by name of section

(/usr/share/texlive/texmf-dist/tex/generic/oberdiek/gettitlestring.sty
Package: gettitlestring 2010/12/03 v1.4 Cleanup title references (HO)
)
\c@section@level=\count172
)
LaTeX Info: Redefining \ref on input line 86.
LaTeX Info: Redefining \pageref on input line 86.
LaTeX Info: Redefining \nameref on input line 86.

(./slides.out) (./slides.out)
\@outlinefile=\write5
\openout5 = `slides.out'.

Package caption Info: Begin \AtBeginDocument code.
Package caption Info: subfig package v1.3 is loaded.
Package caption Info: End \AtBeginDocument code.
 ABD: EveryShipout initializing macros
LaTeX Font Info:    Font shape `T1/phv/bx/n' in size <20.74> not available
(Font)              Font shape `T1/phv/b/n' tried instead on input line 90.
LaTeX Font Info:    Font shape `T1/phv/bx/n' in size <29.86> not available
(Font)              Font shape `T1/phv/b/n' tried instead on input line 90.
LaTeX Font Info:    Font shape `T1/phv/bx/n' in size <24.88> not available
(Font)              Font shape `T1/phv/b/n' tried instead on input line 90.
LaTeX Font Info:    Try loading font information for T1+pcr on input line 90.

(/usr/share/texlive/texmf-dist/tex/latex/psnfss/t1pcr.fd
File: t1pcr.fd 2001/06/04 font definitions for T1/pcr.
)
LaTeX Font Info:    Font shape `T1/pcr/bx/n' in size <20.74> not available
(Font)              Font shape `T1/pcr/b/n' tried instead on input line 90.
LaTeX Font Info:    Try loading font information for U+msa on input line 90.

(/usr/share/texlive/texmf-dist/tex/latex/amsfonts/umsa.fd
File: umsa.fd 2013/01/14 v3.01 AMS symbols A
)
LaTeX Font Info:    Try loading font information for U+msb on input line 90.

(/usr/share/texlive/texmf-dist/tex/latex/amsfonts/umsb.fd
File: umsb.fd 2013/01/14 v3.01 AMS symbols B
)
LaTeX Font Info:    Try loading font information for U+lasy on input line 90.

(/usr/share/texlive/texmf-dist/tex/latex/base/ulasy.fd
File: ulasy.fd 1998/08/17 v2.2e LaTeX symbol font definitions
)
<./logos/Logo_RWTH_22Feb16.pdf, id=157, 171.64125pt x 48.18pt>
File: ./logos/Logo_RWTH_22Feb16.pdf Graphic file (type pdf)

<use ./logos/Logo_RWTH_22Feb16.pdf>
Package pdftex.def Info: ./logos/Logo_RWTH_22Feb16.pdf used on input line 93.
(pdftex.def)             Requested size: 101.36172pt x 28.45274pt.
Package Fancyhdr Warning: \headheight is too small (36.98857pt): 
 Make it at least 60.98552pt.
 We now make it that large for the rest of the document.
 This may cause the page layout to be inconsistent, however.

<./logos/Logo_HLT_22Feb16.pdf, id=159, 49.18375pt x 50.1875pt>
File: ./logos/Logo_HLT_22Feb16.pdf Graphic file (type pdf)

<use ./logos/Logo_HLT_22Feb16.pdf>
Package pdftex.def Info: ./logos/Logo_HLT_22Feb16.pdf used on input line 93.
(pdftex.def)             Requested size: 41.82813pt x 42.67912pt.
 [1
Non-PDF special ignored!
Non-PDF special ignored!


{/var/lib/texmf/fonts/map/pdftex/updmap/pdftex.map} <./logos/Logo_RWTH_22Feb16.
pdf> <./logos/Logo_HLT_22Feb16.pdf>]
File: ./logos/Logo_RWTH_22Feb16.pdf Graphic file (type pdf)

<use ./logos/Logo_RWTH_22Feb16.pdf>
Package pdftex.def Info: ./logos/Logo_RWTH_22Feb16.pdf used on input line 118.
(pdftex.def)             Requested size: 101.36172pt x 28.45274pt.
Package Fancyhdr Warning: \headheight is too small (36.98857pt): 
 Make it at least 60.98552pt.
 We now make it that large for the rest of the document.
 This may cause the page layout to be inconsistent, however.
File: ./logos/Logo_HLT_22Feb16.pdf Graphic file (type pdf)
 <use ./logos/Logo_HLT_22Feb16.pdf>
Package pdftex.def Info: ./logos/Logo_HLT_22Feb16.pdf used on input line 118.
(pdftex.def)             Requested size: 41.82813pt x 42.67912pt.
 [2

]
File: ./logos/Logo_RWTH_22Feb16.pdf Graphic file (type pdf)

<use ./logos/Logo_RWTH_22Feb16.pdf>
Package pdftex.def Info: ./logos/Logo_RWTH_22Feb16.pdf used on input line 144.
(pdftex.def)             Requested size: 101.36172pt x 28.45274pt.
Package Fancyhdr Warning: \headheight is too small (36.98857pt): 
 Make it at least 60.98552pt.
 We now make it that large for the rest of the document.
 This may cause the page layout to be inconsistent, however.
File: ./logos/Logo_HLT_22Feb16.pdf Graphic file (type pdf)
 <use ./logos/Logo_HLT_22Feb16.pdf>
Package pdftex.def Info: ./logos/Logo_HLT_22Feb16.pdf used on input line 144.
(pdftex.def)             Requested size: 41.82813pt x 42.67912pt.
 [3

]
File: ./logos/Logo_RWTH_22Feb16.pdf Graphic file (type pdf)

<use ./logos/Logo_RWTH_22Feb16.pdf>
Package pdftex.def Info: ./logos/Logo_RWTH_22Feb16.pdf used on input line 172.
(pdftex.def)             Requested size: 101.36172pt x 28.45274pt.
Package Fancyhdr Warning: \headheight is too small (36.98857pt): 
 Make it at least 60.98552pt.
 We now make it that large for the rest of the document.
 This may cause the page layout to be inconsistent, however.
File: ./logos/Logo_HLT_22Feb16.pdf Graphic file (type pdf)
 <use ./logos/Logo_HLT_22Feb16.pdf>
Package pdftex.def Info: ./logos/Logo_HLT_22Feb16.pdf used on input line 172.
(pdftex.def)             Requested size: 41.82813pt x 42.67912pt.
 [4

]
File: ./logos/Logo_RWTH_22Feb16.pdf Graphic file (type pdf)

<use ./logos/Logo_RWTH_22Feb16.pdf>
Package pdftex.def Info: ./logos/Logo_RWTH_22Feb16.pdf used on input line 197.
(pdftex.def)             Requested size: 101.36172pt x 28.45274pt.
Package Fancyhdr Warning: \headheight is too small (36.98857pt): 
 Make it at least 60.98552pt.
 We now make it that large for the rest of the document.
 This may cause the page layout to be inconsistent, however.
File: ./logos/Logo_HLT_22Feb16.pdf Graphic file (type pdf)
 <use ./logos/Logo_HLT_22Feb16.pdf>
Package pdftex.def Info: ./logos/Logo_HLT_22Feb16.pdf used on input line 197.
(pdftex.def)             Requested size: 41.82813pt x 42.67912pt.
 [5

]
<crossembedding.png, id=208, 1173.38374pt x 652.4375pt>
File: crossembedding.png Graphic file (type png)

<use crossembedding.png>
Package pdftex.def Info: crossembedding.png used on input line 208.
(pdftex.def)             Requested size: 398.33858pt x 221.48732pt.
LaTeX Font Info:    Font shape `T1/phv/bx/n' in size <17.28> not available
(Font)              Font shape `T1/phv/b/n' tried instead on input line 209.
 <cross-embed.pdf, id=210, 105.39375pt x 154.5775pt>
File: cross-embed.pdf Graphic file (type pdf)

<use cross-embed.pdf>
Package pdftex.def Info: cross-embed.pdf used on input line 214.
(pdftex.def)             Requested size: 155.91872pt x 228.68617pt.
File: ./logos/Logo_RWTH_22Feb16.pdf Graphic file (type pdf)
 <use ./logos/Logo_RWTH_22Feb16.pdf>
Package pdftex.def Info: ./logos/Logo_RWTH_22Feb16.pdf used on input line 222.
(pdftex.def)             Requested size: 101.36172pt x 28.45274pt.
Package Fancyhdr Warning: \headheight is too small (36.98857pt): 
 Make it at least 60.98552pt.
 We now make it that large for the rest of the document.
 This may cause the page layout to be inconsistent, however.
File: ./logos/Logo_HLT_22Feb16.pdf Graphic file (type pdf)

<use ./logos/Logo_HLT_22Feb16.pdf>
Package pdftex.def Info: ./logos/Logo_HLT_22Feb16.pdf used on input line 222.
(pdftex.def)             Requested size: 41.82813pt x 42.67912pt.
 [6

 <./crossembedding.png> <./cross-embed.pdf>]
File: ./logos/Logo_RWTH_22Feb16.pdf Graphic file (type pdf)
 <use ./logos/Logo_RWTH_22Feb16.pdf>
Package pdftex.def Info: ./logos/Logo_RWTH_22Feb16.pdf used on input line 257.
(pdftex.def)             Requested size: 101.36172pt x 28.45274pt.
Package Fancyhdr Warning: \headheight is too small (36.98857pt): 
 Make it at least 60.98552pt.
 We now make it that large for the rest of the document.
 This may cause the page layout to be inconsistent, however.
File: ./logos/Logo_HLT_22Feb16.pdf Graphic file (type pdf)
 <use ./logos/Logo_HLT_22Feb16.pdf>
Package pdftex.def Info: ./logos/Logo_HLT_22Feb16.pdf used on input line 257.
(pdftex.def)             Requested size: 41.82813pt x 42.67912pt.

[7

]
File: ./logos/Logo_RWTH_22Feb16.pdf Graphic file (type pdf)
 <use ./logos/Logo_RWTH_22Feb16.pdf>
Package pdftex.def Info: ./logos/Logo_RWTH_22Feb16.pdf used on input line 289.
(pdftex.def)             Requested size: 101.36172pt x 28.45274pt.
Package Fancyhdr Warning: \headheight is too small (36.98857pt): 
 Make it at least 60.98552pt.
 We now make it that large for the rest of the document.
 This may cause the page layout to be inconsistent, however.
File: ./logos/Logo_HLT_22Feb16.pdf Graphic file (type pdf)
 <use ./logos/Logo_HLT_22Feb16.pdf>
Package pdftex.def Info: ./logos/Logo_HLT_22Feb16.pdf used on input line 289.
(pdftex.def)             Requested size: 41.82813pt x 42.67912pt.

[8

] <skip.jpg, id=241, 1485.55pt x 899.36pt>
File: skip.jpg Graphic file (type jpg)
 <use skip.jpg>
Package pdftex.def Info: skip.jpg used on input line 301.
(pdftex.def)             Requested size: 526.559pt x 318.78786pt.
File: ./logos/Logo_RWTH_22Feb16.pdf Graphic file (type pdf)

<use ./logos/Logo_RWTH_22Feb16.pdf>
Package pdftex.def Info: ./logos/Logo_RWTH_22Feb16.pdf used on input line 308.
(pdftex.def)             Requested size: 101.36172pt x 28.45274pt.
Package Fancyhdr Warning: \headheight is too small (36.98857pt): 
 Make it at least 60.98552pt.
 We now make it that large for the rest of the document.
 This may cause the page layout to be inconsistent, however.
File: ./logos/Logo_HLT_22Feb16.pdf Graphic file (type pdf)
 <use ./logos/Logo_HLT_22Feb16.pdf>
Package pdftex.def Info: ./logos/Logo_HLT_22Feb16.pdf used on input line 308.
(pdftex.def)             Requested size: 41.82813pt x 42.67912pt.
 [9

 <./skip.jpg>]
File: ./logos/Logo_RWTH_22Feb16.pdf Graphic file (type pdf)
 <use ./logos/Logo_RWTH_22Feb16.pdf>
Package pdftex.def Info: ./logos/Logo_RWTH_22Feb16.pdf used on input line 332.
(pdftex.def)             Requested size: 101.36172pt x 28.45274pt.
Package Fancyhdr Warning: \headheight is too small (36.98857pt): 
 Make it at least 60.98552pt.
 We now make it that large for the rest of the document.
 This may cause the page layout to be inconsistent, however.
File: ./logos/Logo_HLT_22Feb16.pdf Graphic file (type pdf)

<use ./logos/Logo_HLT_22Feb16.pdf>
Package pdftex.def Info: ./logos/Logo_HLT_22Feb16.pdf used on input line 332.
(pdftex.def)             Requested size: 41.82813pt x 42.67912pt.
 [10

]
LaTeX Font Info:    Try loading font information for T1+ptm on input line 347.

(/usr/share/texlive/texmf-dist/tex/latex/psnfss/t1ptm.fd
File: t1ptm.fd 2001/06/04 font definitions for T1/ptm.
)
LaTeX Font Info:    Font shape `T1/ptm/bx/n' in size <20.74> not available
(Font)              Font shape `T1/ptm/b/n' tried instead on input line 347.
LaTeX Font Info:    Font shape `T1/phv/bx/n' in size <14.4> not available
(Font)              Font shape `T1/phv/b/n' tried instead on input line 347.
LaTeX Font Info:    Font shape `T1/phv/bx/n' in size <12> not available
(Font)              Font shape `T1/phv/b/n' tried instead on input line 347.
File: ./logos/Logo_RWTH_22Feb16.pdf Graphic file (type pdf)

<use ./logos/Logo_RWTH_22Feb16.pdf>
Package pdftex.def Info: ./logos/Logo_RWTH_22Feb16.pdf used on input line 354.
(pdftex.def)             Requested size: 101.36172pt x 28.45274pt.
Package Fancyhdr Warning: \headheight is too small (36.98857pt): 
 Make it at least 60.98552pt.
 We now make it that large for the rest of the document.
 This may cause the page layout to be inconsistent, however.
File: ./logos/Logo_HLT_22Feb16.pdf Graphic file (type pdf)
 <use ./logos/Logo_HLT_22Feb16.pdf>
Package pdftex.def Info: ./logos/Logo_HLT_22Feb16.pdf used on input line 354.
(pdftex.def)             Requested size: 41.82813pt x 42.67912pt.
 [11

]
File: ./logos/Logo_RWTH_22Feb16.pdf Graphic file (type pdf)

<use ./logos/Logo_RWTH_22Feb16.pdf>
Package pdftex.def Info: ./logos/Logo_RWTH_22Feb16.pdf used on input line 379.
(pdftex.def)             Requested size: 101.36172pt x 28.45274pt.
Package Fancyhdr Warning: \headheight is too small (36.98857pt): 
 Make it at least 60.98552pt.
 We now make it that large for the rest of the document.
 This may cause the page layout to be inconsistent, however.
File: ./logos/Logo_HLT_22Feb16.pdf Graphic file (type pdf)
 <use ./logos/Logo_HLT_22Feb16.pdf>
Package pdftex.def Info: ./logos/Logo_HLT_22Feb16.pdf used on input line 379.
(pdftex.def)             Requested size: 41.82813pt x 42.67912pt.
 [12

]
File: ./logos/Logo_RWTH_22Feb16.pdf Graphic file (type pdf)

<use ./logos/Logo_RWTH_22Feb16.pdf>
Package pdftex.def Info: ./logos/Logo_RWTH_22Feb16.pdf used on input line 403.
(pdftex.def)             Requested size: 101.36172pt x 28.45274pt.
Package Fancyhdr Warning: \headheight is too small (36.98857pt): 
 Make it at least 60.98552pt.
 We now make it that large for the rest of the document.
 This may cause the page layout to be inconsistent, however.
File: ./logos/Logo_HLT_22Feb16.pdf Graphic file (type pdf)
 <use ./logos/Logo_HLT_22Feb16.pdf>
Package pdftex.def Info: ./logos/Logo_HLT_22Feb16.pdf used on input line 403.
(pdftex.def)             Requested size: 41.82813pt x 42.67912pt.
 [13

]
File: ./logos/Logo_RWTH_22Feb16.pdf Graphic file (type pdf)

<use ./logos/Logo_RWTH_22Feb16.pdf>
Package pdftex.def Info: ./logos/Logo_RWTH_22Feb16.pdf used on input line 427.
(pdftex.def)             Requested size: 101.36172pt x 28.45274pt.
Package Fancyhdr Warning: \headheight is too small (36.98857pt): 
 Make it at least 60.98552pt.
 We now make it that large for the rest of the document.
 This may cause the page layout to be inconsistent, however.
File: ./logos/Logo_HLT_22Feb16.pdf Graphic file (type pdf)
 <use ./logos/Logo_HLT_22Feb16.pdf>
Package pdftex.def Info: ./logos/Logo_HLT_22Feb16.pdf used on input line 427.
(pdftex.def)             Requested size: 41.82813pt x 42.67912pt.
 [14

]
File: ./logos/Logo_RWTH_22Feb16.pdf Graphic file (type pdf)

<use ./logos/Logo_RWTH_22Feb16.pdf>
Package pdftex.def Info: ./logos/Logo_RWTH_22Feb16.pdf used on input line 453.
(pdftex.def)             Requested size: 101.36172pt x 28.45274pt.
Package Fancyhdr Warning: \headheight is too small (36.98857pt): 
 Make it at least 60.98552pt.
 We now make it that large for the rest of the document.
 This may cause the page layout to be inconsistent, however.
File: ./logos/Logo_HLT_22Feb16.pdf Graphic file (type pdf)
 <use ./logos/Logo_HLT_22Feb16.pdf>
Package pdftex.def Info: ./logos/Logo_HLT_22Feb16.pdf used on input line 453.
(pdftex.def)             Requested size: 41.82813pt x 42.67912pt.
 [15

]
File: ./logos/Logo_RWTH_22Feb16.pdf Graphic file (type pdf)

<use ./logos/Logo_RWTH_22Feb16.pdf>
Package pdftex.def Info: ./logos/Logo_RWTH_22Feb16.pdf used on input line 469.
(pdftex.def)             Requested size: 101.36172pt x 28.45274pt.
Package Fancyhdr Warning: \headheight is too small (36.98857pt): 
 Make it at least 60.98552pt.
 We now make it that large for the rest of the document.
 This may cause the page layout to be inconsistent, however.
File: ./logos/Logo_HLT_22Feb16.pdf Graphic file (type pdf)
 <use ./logos/Logo_HLT_22Feb16.pdf>
Package pdftex.def Info: ./logos/Logo_HLT_22Feb16.pdf used on input line 469.
(pdftex.def)             Requested size: 41.82813pt x 42.67912pt.
 [16

]
File: ./logos/Logo_RWTH_22Feb16.pdf Graphic file (type pdf)

<use ./logos/Logo_RWTH_22Feb16.pdf>
Package pdftex.def Info: ./logos/Logo_RWTH_22Feb16.pdf used on input line 484.
(pdftex.def)             Requested size: 101.36172pt x 28.45274pt.
Package Fancyhdr Warning: \headheight is too small (36.98857pt): 
 Make it at least 60.98552pt.
 We now make it that large for the rest of the document.
 This may cause the page layout to be inconsistent, however.
File: ./logos/Logo_HLT_22Feb16.pdf Graphic file (type pdf)
 <use ./logos/Logo_HLT_22Feb16.pdf>
Package pdftex.def Info: ./logos/Logo_HLT_22Feb16.pdf used on input line 484.
(pdftex.def)             Requested size: 41.82813pt x 42.67912pt.
 [17

]
File: ./logos/Logo_RWTH_22Feb16.pdf Graphic file (type pdf)

<use ./logos/Logo_RWTH_22Feb16.pdf>
Package pdftex.def Info: ./logos/Logo_RWTH_22Feb16.pdf used on input line 507.
(pdftex.def)             Requested size: 101.36172pt x 28.45274pt.
Package Fancyhdr Warning: \headheight is too small (36.98857pt): 
 Make it at least 60.98552pt.
 We now make it that large for the rest of the document.
 This may cause the page layout to be inconsistent, however.
File: ./logos/Logo_HLT_22Feb16.pdf Graphic file (type pdf)
 <use ./logos/Logo_HLT_22Feb16.pdf>
Package pdftex.def Info: ./logos/Logo_HLT_22Feb16.pdf used on input line 507.
(pdftex.def)             Requested size: 41.82813pt x 42.67912pt.
 [18

]
<insertion.png, id=307, 669.50125pt x 191.71625pt>
File: insertion.png Graphic file (type png)
 <use insertion.png>
Package pdftex.def Info: insertion.png used on input line 524.
(pdftex.def)             Requested size: 601.78664pt x 172.34117pt.
File: ./logos/Logo_RWTH_22Feb16.pdf Graphic file (type pdf)

<use ./logos/Logo_RWTH_22Feb16.pdf>
Package pdftex.def Info: ./logos/Logo_RWTH_22Feb16.pdf used on input line 531.
(pdftex.def)             Requested size: 101.36172pt x 28.45274pt.
Package Fancyhdr Warning: \headheight is too small (36.98857pt): 
 Make it at least 60.98552pt.
 We now make it that large for the rest of the document.
 This may cause the page layout to be inconsistent, however.
File: ./logos/Logo_HLT_22Feb16.pdf Graphic file (type pdf)
 <use ./logos/Logo_HLT_22Feb16.pdf>
Package pdftex.def Info: ./logos/Logo_HLT_22Feb16.pdf used on input line 531.
(pdftex.def)             Requested size: 41.82813pt x 42.67912pt.
 [19

 <./insertion.png>] <deletion.png, id=316, 689.57625pt x 191.71625pt>
File: deletion.png Graphic file (type png)

<use deletion.png>
Package pdftex.def Info: deletion.png used on input line 546.
(pdftex.def)             Requested size: 601.78664pt x 167.30957pt.
File: ./logos/Logo_RWTH_22Feb16.pdf Graphic file (type pdf)
 <use ./logos/Logo_RWTH_22Feb16.pdf>
Package pdftex.def Info: ./logos/Logo_RWTH_22Feb16.pdf used on input line 551.
(pdftex.def)             Requested size: 101.36172pt x 28.45274pt.
Package Fancyhdr Warning: \headheight is too small (36.98857pt): 
 Make it at least 60.98552pt.
 We now make it that large for the rest of the document.
 This may cause the page layout to be inconsistent, however.
File: ./logos/Logo_HLT_22Feb16.pdf Graphic file (type pdf)

<use ./logos/Logo_HLT_22Feb16.pdf>
Package pdftex.def Info: ./logos/Logo_HLT_22Feb16.pdf used on input line 551.
(pdftex.def)             Requested size: 41.82813pt x 42.67912pt.
 [20

 <./deletion.png>]
<denoising.pdf, id=323, 379.4175pt x 114.4275pt>
File: denoising.pdf Graphic file (type pdf)
 <use denoising.pdf>
Package pdftex.def Info: denoising.pdf used on input line 565.
(pdftex.def)             Requested size: 601.78664pt x 181.51108pt.
File: ./logos/Logo_RWTH_22Feb16.pdf Graphic file (type pdf)

<use ./logos/Logo_RWTH_22Feb16.pdf>
Package pdftex.def Info: ./logos/Logo_RWTH_22Feb16.pdf used on input line 570.
(pdftex.def)             Requested size: 101.36172pt x 28.45274pt.
Package Fancyhdr Warning: \headheight is too small (36.98857pt): 
 Make it at least 60.98552pt.
 We now make it that large for the rest of the document.
 This may cause the page layout to be inconsistent, however.
File: ./logos/Logo_HLT_22Feb16.pdf Graphic file (type pdf)
 <use ./logos/Logo_HLT_22Feb16.pdf>
Package pdftex.def Info: ./logos/Logo_HLT_22Feb16.pdf used on input line 570.
(pdftex.def)             Requested size: 41.82813pt x 42.67912pt.
 [21

 <./denoising.pdf>]
File: ./logos/Logo_RWTH_22Feb16.pdf Graphic file (type pdf)
 <use ./logos/Logo_RWTH_22Feb16.pdf>
Package pdftex.def Info: ./logos/Logo_RWTH_22Feb16.pdf used on input line 588.
(pdftex.def)             Requested size: 101.36172pt x 28.45274pt.
Package Fancyhdr Warning: \headheight is too small (36.98857pt): 
 Make it at least 60.98552pt.
 We now make it that large for the rest of the document.
 This may cause the page layout to be inconsistent, however.
File: ./logos/Logo_HLT_22Feb16.pdf Graphic file (type pdf)

<use ./logos/Logo_HLT_22Feb16.pdf>
Package pdftex.def Info: ./logos/Logo_HLT_22Feb16.pdf used on input line 588.
(pdftex.def)             Requested size: 41.82813pt x 42.67912pt.
 [22

]
LaTeX Font Info:    Font shape `T1/phv/m/it' in size <20.74> not available
(Font)              Font shape `T1/phv/m/sl' tried instead on input line 606.
File: ./logos/Logo_RWTH_22Feb16.pdf Graphic file (type pdf)
 <use ./logos/Logo_RWTH_22Feb16.pdf>
Package pdftex.def Info: ./logos/Logo_RWTH_22Feb16.pdf used on input line 617.
(pdftex.def)             Requested size: 101.36172pt x 28.45274pt.
Package Fancyhdr Warning: \headheight is too small (36.98857pt): 
 Make it at least 60.98552pt.
 We now make it that large for the rest of the document.
 This may cause the page layout to be inconsistent, however.
File: ./logos/Logo_HLT_22Feb16.pdf Graphic file (type pdf)

<use ./logos/Logo_HLT_22Feb16.pdf>
Package pdftex.def Info: ./logos/Logo_HLT_22Feb16.pdf used on input line 617.
(pdftex.def)             Requested size: 41.82813pt x 42.67912pt.
 [23

]
File: ./logos/Logo_RWTH_22Feb16.pdf Graphic file (type pdf)
 <use ./logos/Logo_RWTH_22Feb16.pdf>
Package pdftex.def Info: ./logos/Logo_RWTH_22Feb16.pdf used on input line 642.
(pdftex.def)             Requested size: 101.36172pt x 28.45274pt.
Package Fancyhdr Warning: \headheight is too small (36.98857pt): 
 Make it at least 60.98552pt.
 We now make it that large for the rest of the document.
 This may cause the page layout to be inconsistent, however.
File: ./logos/Logo_HLT_22Feb16.pdf Graphic file (type pdf)

<use ./logos/Logo_HLT_22Feb16.pdf>
Package pdftex.def Info: ./logos/Logo_HLT_22Feb16.pdf used on input line 642.
(pdftex.def)             Requested size: 41.82813pt x 42.67912pt.
 [24

]
File: ./logos/Logo_RWTH_22Feb16.pdf Graphic file (type pdf)
 <use ./logos/Logo_RWTH_22Feb16.pdf>
Package pdftex.def Info: ./logos/Logo_RWTH_22Feb16.pdf used on input line 660.
(pdftex.def)             Requested size: 101.36172pt x 28.45274pt.
Package Fancyhdr Warning: \headheight is too small (36.98857pt): 
 Make it at least 60.98552pt.
 We now make it that large for the rest of the document.
 This may cause the page layout to be inconsistent, however.
File: ./logos/Logo_HLT_22Feb16.pdf Graphic file (type pdf)

<use ./logos/Logo_HLT_22Feb16.pdf>
Package pdftex.def Info: ./logos/Logo_HLT_22Feb16.pdf used on input line 660.
(pdftex.def)             Requested size: 41.82813pt x 42.67912pt.
 [25

]
File: ./logos/Logo_RWTH_22Feb16.pdf Graphic file (type pdf)
 <use ./logos/Logo_RWTH_22Feb16.pdf>
Package pdftex.def Info: ./logos/Logo_RWTH_22Feb16.pdf used on input line 678.
(pdftex.def)             Requested size: 101.36172pt x 28.45274pt.
Package Fancyhdr Warning: \headheight is too small (36.98857pt): 
 Make it at least 60.98552pt.
 We now make it that large for the rest of the document.
 This may cause the page layout to be inconsistent, however.
File: ./logos/Logo_HLT_22Feb16.pdf Graphic file (type pdf)

<use ./logos/Logo_HLT_22Feb16.pdf>
Package pdftex.def Info: ./logos/Logo_HLT_22Feb16.pdf used on input line 678.
(pdftex.def)             Requested size: 41.82813pt x 42.67912pt.
 [26

]
File: ./logos/Logo_RWTH_22Feb16.pdf Graphic file (type pdf)
 <use ./logos/Logo_RWTH_22Feb16.pdf>
Package pdftex.def Info: ./logos/Logo_RWTH_22Feb16.pdf used on input line 695.
(pdftex.def)             Requested size: 101.36172pt x 28.45274pt.
Package Fancyhdr Warning: \headheight is too small (36.98857pt): 
 Make it at least 60.98552pt.
 We now make it that large for the rest of the document.
 This may cause the page layout to be inconsistent, however.
File: ./logos/Logo_HLT_22Feb16.pdf Graphic file (type pdf)

<use ./logos/Logo_HLT_22Feb16.pdf>
Package pdftex.def Info: ./logos/Logo_HLT_22Feb16.pdf used on input line 695.
(pdftex.def)             Requested size: 41.82813pt x 42.67912pt.
 [27

]
File: ./logos/Logo_RWTH_22Feb16.pdf Graphic file (type pdf)
 <use ./logos/Logo_RWTH_22Feb16.pdf>
Package pdftex.def Info: ./logos/Logo_RWTH_22Feb16.pdf used on input line 717.
(pdftex.def)             Requested size: 101.36172pt x 28.45274pt.
Package Fancyhdr Warning: \headheight is too small (36.98857pt): 
 Make it at least 60.98552pt.
 We now make it that large for the rest of the document.
 This may cause the page layout to be inconsistent, however.
File: ./logos/Logo_HLT_22Feb16.pdf Graphic file (type pdf)

<use ./logos/Logo_HLT_22Feb16.pdf>
Package pdftex.def Info: ./logos/Logo_HLT_22Feb16.pdf used on input line 717.
(pdftex.def)             Requested size: 41.82813pt x 42.67912pt.
 [28

]
LaTeX Warning: No positions in optional float specifier.
               Default added (so using `htbp') on input line 720.
LaTeX Warning: No positions in optional float specifier.
               Default added (so using `htbp') on input line 733.
File: ./logos/Logo_RWTH_22Feb16.pdf Graphic file (type pdf)
 <use ./logos/Logo_RWTH_22Feb16.pdf>
Package pdftex.def Info: ./logos/Logo_RWTH_22Feb16.pdf used on input line 752.
(pdftex.def)             Requested size: 101.36172pt x 28.45274pt.
Package Fancyhdr Warning: \headheight is too small (36.98857pt): 
 Make it at least 60.98552pt.
 We now make it that large for the rest of the document.
 This may cause the page layout to be inconsistent, however.
File: ./logos/Logo_HLT_22Feb16.pdf Graphic file (type pdf)

<use ./logos/Logo_HLT_22Feb16.pdf>
Package pdftex.def Info: ./logos/Logo_HLT_22Feb16.pdf used on input line 752.
(pdftex.def)             Requested size: 41.82813pt x 42.67912pt.
 [29

]
LaTeX Font Info:    Font shape `T1/pcr/bx/n' in size <17.28> not available
(Font)              Font shape `T1/pcr/b/n' tried instead on input line 758.
LaTeX Font Info:    Font shape `T1/phv/bx/sc' in size <20.74> not available
(Font)              Font shape `T1/phv/b/sc' tried instead on input line 779.
File: ./logos/Logo_RWTH_22Feb16.pdf Graphic file (type pdf)
 <use ./logos/Logo_RWTH_22Feb16.pdf>
Package pdftex.def Info: ./logos/Logo_RWTH_22Feb16.pdf used on input line 787.
(pdftex.def)             Requested size: 101.36172pt x 28.45274pt.
Package Fancyhdr Warning: \headheight is too small (36.98857pt): 
 Make it at least 60.98552pt.
 We now make it that large for the rest of the document.
 This may cause the page layout to be inconsistent, however.
File: ./logos/Logo_HLT_22Feb16.pdf Graphic file (type pdf)

<use ./logos/Logo_HLT_22Feb16.pdf>
Package pdftex.def Info: ./logos/Logo_HLT_22Feb16.pdf used on input line 787.
(pdftex.def)             Requested size: 41.82813pt x 42.67912pt.
 [30

]
File: ./logos/Logo_RWTH_22Feb16.pdf Graphic file (type pdf)
 <use ./logos/Logo_RWTH_22Feb16.pdf>
Package pdftex.def Info: ./logos/Logo_RWTH_22Feb16.pdf used on input line 807.
(pdftex.def)             Requested size: 101.36172pt x 28.45274pt.
Package Fancyhdr Warning: \headheight is too small (36.98857pt): 
 Make it at least 60.98552pt.
 We now make it that large for the rest of the document.
 This may cause the page layout to be inconsistent, however.
File: ./logos/Logo_HLT_22Feb16.pdf Graphic file (type pdf)

<use ./logos/Logo_HLT_22Feb16.pdf>
Package pdftex.def Info: ./logos/Logo_HLT_22Feb16.pdf used on input line 807.
(pdftex.def)             Requested size: 41.82813pt x 42.67912pt.
 [31

]
File: ./logos/Logo_RWTH_22Feb16.pdf Graphic file (type pdf)
 <use ./logos/Logo_RWTH_22Feb16.pdf>
Package pdftex.def Info: ./logos/Logo_RWTH_22Feb16.pdf used on input line 822.
(pdftex.def)             Requested size: 101.36172pt x 28.45274pt.
Package Fancyhdr Warning: \headheight is too small (36.98857pt): 
 Make it at least 60.98552pt.
 We now make it that large for the rest of the document.
 This may cause the page layout to be inconsistent, however.
File: ./logos/Logo_HLT_22Feb16.pdf Graphic file (type pdf)

<use ./logos/Logo_HLT_22Feb16.pdf>
Package pdftex.def Info: ./logos/Logo_HLT_22Feb16.pdf used on input line 822.
(pdftex.def)             Requested size: 41.82813pt x 42.67912pt.
 [32

]
File: ./logos/Logo_RWTH_22Feb16.pdf Graphic file (type pdf)
 <use ./logos/Logo_RWTH_22Feb16.pdf>
Package pdftex.def Info: ./logos/Logo_RWTH_22Feb16.pdf used on input line 865.
(pdftex.def)             Requested size: 101.36172pt x 28.45274pt.
Package Fancyhdr Warning: \headheight is too small (36.98857pt): 
 Make it at least 60.98552pt.
 We now make it that large for the rest of the document.
 This may cause the page layout to be inconsistent, however.
File: ./logos/Logo_HLT_22Feb16.pdf Graphic file (type pdf)

<use ./logos/Logo_HLT_22Feb16.pdf>
Package pdftex.def Info: ./logos/Logo_HLT_22Feb16.pdf used on input line 865.
(pdftex.def)             Requested size: 41.82813pt x 42.67912pt.
 [33

]
File: ./logos/Logo_RWTH_22Feb16.pdf Graphic file (type pdf)
 <use ./logos/Logo_RWTH_22Feb16.pdf>
Package pdftex.def Info: ./logos/Logo_RWTH_22Feb16.pdf used on input line 902.
(pdftex.def)             Requested size: 101.36172pt x 28.45274pt.
Package Fancyhdr Warning: \headheight is too small (36.98857pt): 
 Make it at least 60.98552pt.
 We now make it that large for the rest of the document.
 This may cause the page layout to be inconsistent, however.
File: ./logos/Logo_HLT_22Feb16.pdf Graphic file (type pdf)

<use ./logos/Logo_HLT_22Feb16.pdf>
Package pdftex.def Info: ./logos/Logo_HLT_22Feb16.pdf used on input line 902.
(pdftex.def)             Requested size: 41.82813pt x 42.67912pt.
 [34

]
File: ./logos/Logo_RWTH_22Feb16.pdf Graphic file (type pdf)
 <use ./logos/Logo_RWTH_22Feb16.pdf>
Package pdftex.def Info: ./logos/Logo_RWTH_22Feb16.pdf used on input line 923.
(pdftex.def)             Requested size: 101.36172pt x 28.45274pt.
Package Fancyhdr Warning: \headheight is too small (36.98857pt): 
 Make it at least 60.98552pt.
 We now make it that large for the rest of the document.
 This may cause the page layout to be inconsistent, however.
File: ./logos/Logo_HLT_22Feb16.pdf Graphic file (type pdf)

<use ./logos/Logo_HLT_22Feb16.pdf>
Package pdftex.def Info: ./logos/Logo_HLT_22Feb16.pdf used on input line 923.
(pdftex.def)             Requested size: 41.82813pt x 42.67912pt.
 [35

]
LaTeX Warning: No positions in optional float specifier.
               Default added (so using `htbp') on input line 926.
File: ./logos/Logo_RWTH_22Feb16.pdf Graphic file (type pdf)
 <use ./logos/Logo_RWTH_22Feb16.pdf>
Package pdftex.def Info: ./logos/Logo_RWTH_22Feb16.pdf used on input line 949.
(pdftex.def)             Requested size: 101.36172pt x 28.45274pt.
Package Fancyhdr Warning: \headheight is too small (36.98857pt): 
 Make it at least 60.98552pt.
 We now make it that large for the rest of the document.
 This may cause the page layout to be inconsistent, however.
File: ./logos/Logo_HLT_22Feb16.pdf Graphic file (type pdf)

<use ./logos/Logo_HLT_22Feb16.pdf>
Package pdftex.def Info: ./logos/Logo_HLT_22Feb16.pdf used on input line 949.
(pdftex.def)             Requested size: 41.82813pt x 42.67912pt.
 [36

]
File: ./logos/Logo_RWTH_22Feb16.pdf Graphic file (type pdf)
 <use ./logos/Logo_RWTH_22Feb16.pdf>
Package pdftex.def Info: ./logos/Logo_RWTH_22Feb16.pdf used on input line 972.
(pdftex.def)             Requested size: 101.36172pt x 28.45274pt.
Package Fancyhdr Warning: \headheight is too small (36.98857pt): 
 Make it at least 60.98552pt.
 We now make it that large for the rest of the document.
 This may cause the page layout to be inconsistent, however.
File: ./logos/Logo_HLT_22Feb16.pdf Graphic file (type pdf)

<use ./logos/Logo_HLT_22Feb16.pdf>
Package pdftex.def Info: ./logos/Logo_HLT_22Feb16.pdf used on input line 972.
(pdftex.def)             Requested size: 41.82813pt x 42.67912pt.
 [37

]
File: ./logos/Logo_RWTH_22Feb16.pdf Graphic file (type pdf)
 <use ./logos/Logo_RWTH_22Feb16.pdf>
Package pdftex.def Info: ./logos/Logo_RWTH_22Feb16.pdf used on input line 978.
(pdftex.def)             Requested size: 101.36172pt x 28.45274pt.
Package Fancyhdr Warning: \headheight is too small (36.98857pt): 
 Make it at least 60.98552pt.
 We now make it that large for the rest of the document.
 This may cause the page layout to be inconsistent, however.
File: ./logos/Logo_HLT_22Feb16.pdf Graphic file (type pdf)

<use ./logos/Logo_HLT_22Feb16.pdf>
Package pdftex.def Info: ./logos/Logo_HLT_22Feb16.pdf used on input line 978.
(pdftex.def)             Requested size: 41.82813pt x 42.67912pt.
 [38

] (./slides.bbl
LaTeX Font Info:    Font shape `T1/phv/bx/it' in size <20.74> not available
(Font)              Font shape `T1/phv/b/it' tried instead on input line 6.
LaTeX Font Info:    Font shape `T1/phv/b/it' in size <20.74> not available
(Font)              Font shape `T1/phv/b/sl' tried instead on input line 6.
File: ./logos/Logo_RWTH_22Feb16.pdf Graphic file (type pdf)

<use ./logos/Logo_RWTH_22Feb16.pdf>
Package pdftex.def Info: ./logos/Logo_RWTH_22Feb16.pdf used on input line 37.
(pdftex.def)             Requested size: 101.36172pt x 28.45274pt.
Package Fancyhdr Warning: \headheight is too small (36.98857pt): 
 Make it at least 60.98552pt.
 We now make it that large for the rest of the document.
 This may cause the page layout to be inconsistent, however.
File: ./logos/Logo_HLT_22Feb16.pdf Graphic file (type pdf)
 <use ./logos/Logo_HLT_22Feb16.pdf>
Package pdftex.def Info: ./logos/Logo_HLT_22Feb16.pdf used on input line 37.
(pdftex.def)             Requested size: 41.82813pt x 42.67912pt.
 [39

])
File: ./logos/Logo_RWTH_22Feb16.pdf Graphic file (type pdf)

<use ./logos/Logo_RWTH_22Feb16.pdf>
Package pdftex.def Info: ./logos/Logo_RWTH_22Feb16.pdf used on input line 982.
(pdftex.def)             Requested size: 101.36172pt x 28.45274pt.
Package Fancyhdr Warning: \headheight is too small (36.98857pt): 
 Make it at least 60.98552pt.
 We now make it that large for the rest of the document.
 This may cause the page layout to be inconsistent, however.
File: ./logos/Logo_HLT_22Feb16.pdf Graphic file (type pdf)
 <use ./logos/Logo_HLT_22Feb16.pdf>
Package pdftex.def Info: ./logos/Logo_HLT_22Feb16.pdf used on input line 982.
(pdftex.def)             Requested size: 41.82813pt x 42.67912pt.
 [40]
Package atveryend Info: Empty hook `BeforeClearDocument' on input line 982.
Package atveryend Info: Empty hook `AfterLastShipout' on input line 982.

(./slides.aux)
Package atveryend Info: Executing hook `AtVeryEndDocument' on input line 982.
\snap@out=\write6
\openout6 = `slides.dep'.


Dependency list written on slides.dep.
Package atveryend Info: Executing hook `AtEndAfterFileList' on input line 982.
Package rerunfilecheck Info: File `slides.out' has not changed.
(rerunfilecheck)             Checksum: BD66B0A14F7C41B7ADBBB676A9C2E1DB;1835.
Package atveryend Info: Empty hook `AtVeryVeryEnd' on input line 982.
 ) 
Here is how much of TeX's memory you used:
 22347 strings out of 493029
 394645 string characters out of 6136233
 496007 words of memory out of 5000000
 25292 multiletter control sequences out of 15000+600000
 56477 words of font info for 82 fonts, out of 8000000 for 9000
 1141 hyphenation exceptions out of 8191
 55i,16n,54p,387b,528s stack positions out of 5000i,500n,10000p,200000b,80000s
{/usr/share/texlive/texmf-dist/fonts/enc/dvips/base/8r.enc}</usr/share/texliv
e/texmf-dist/fonts/type1/public/amsfonts/cm/cmbsy10.pfb></usr/share/texlive/tex
mf-dist/fonts/type1/public/amsfonts/cm/cmbx12.pfb></usr/share/texlive/texmf-dis
t/fonts/type1/public/amsfonts/cm/cmex10.pfb></usr/share/texlive/texmf-dist/font
s/type1/public/amsfonts/cm/cmmib10.pfb></usr/share/texlive/texmf-dist/fonts/typ
e1/public/amsfonts/symbols/msam10.pfb></usr/share/texlive/texmf-dist/fonts/type
1/public/amsfonts/symbols/msbm10.pfb></usr/share/texlive/texmf-dist/fonts/type1
/urw/courier/ucrb8a.pfb></usr/share/texlive/texmf-dist/fonts/type1/urw/helvetic
/uhvb8a.pfb></usr/share/texlive/texmf-dist/fonts/type1/urw/helvetic/uhvbo8a.pfb
></usr/share/texlive/texmf-dist/fonts/type1/urw/helvetic/uhvr8a.pfb></usr/share
/texlive/texmf-dist/fonts/type1/urw/helvetic/uhvro8a.pfb></usr/share/texlive/te
xmf-dist/fonts/type1/urw/times/utmb8a.pfb>
Output written on slides.pdf (40 pages, 347991 bytes).
PDF statistics:
 537 PDF objects out of 1000 (max. 8388607)
 464 compressed objects within 5 object streams
 111 named destinations out of 1000 (max. 500000)
 349 words of extra memory for PDF output out of 10000 (max. 10000000)

